#
# A fatal error has been detected by the Java Runtime Environment:
#
#  Internal Error (os_windows_x86.cpp:143), pid=6896, tid=3556
#  guarantee(result == EXCEPTION_CONTINUE_EXECUTION) failed: Unexpected result from topLevelExceptionFilter
#
# JRE version: Java(TM) SE Runtime Environment (17.0.6+9) (build 17.0.6+9-LTS-190)
# Java VM: Java HotSpot(TM) 64-Bit Server VM (17.0.6+9-LTS-190, mixed mode, sharing, tiered, compressed oops, compressed class ptrs, g1 gc, windows-amd64)
# No core dump will be written. Minidumps are not enabled by default on client versions of Windows
#
# If you would like to submit a bug report, please visit:
#   https://bugreport.java.com/bugreport/crash.jsp
# The crash happened outside the Java Virtual Machine in native code.
# See problematic frame for where to report the bug.
#

---------------  S U M M A R Y ------------

Command Line: -Dfile.encoding=UTF8 -ea -Xmx1024m 

Host: 12th Gen Intel(R) Core(TM) i7-12700, 20 cores, 31G,  Windows 10 , 64 bit Build 19041 (10.0.19041.2546)
Time: Tue Feb  7 17:08:44 2023 대한민국 표준시 elapsed time: 0.199628 seconds (0d 0h 0m 0s)

---------------  T H R E A D  ---------------

Current thread (0x000001de8fff63c0):  JavaThread "Python Reference Queue" daemon [_thread_in_native, id=3556, stack(0x00000052673c0000,0x00000052675b0000)]

Stack: [0x00000052673c0000,0x00000052675b0000]
Native frames: (J=compiled Java code, j=interpreted, Vv=VM code, C=native code)
C  0x00007ff93c3d34ea
C  0x00007ff93c5318f4
C  0x00007ff93c53309e
C  0x00007ff93c5336b7
C  0x00007ff93bfa332c
C  0x00007ff93c3d30bc
C  [ntdll.dll+0xa241f]
C  [ntdll.dll+0x514a4]
C  [ntdll.dll+0xa0f4e]
C  0x00007ff9b48b735d
C  0x00007ff9b48b7392
C  0x00007ff9b47e3884
C  0x00007ff9b47e6393
C  0x00007ff9cc3e487b
C  [python38.dll+0x2cbb9]
C  [python38.dll+0x9b6a4]
C  [python38.dll+0x99e98]
C  [python38.dll+0x99cdd]
C  [python38.dll+0x83499]
C  [python38.dll+0x832fb]
C  0x00007ff9e49f8324
C  0x000001df0745d621

Java frames: (J=compiled Java code, j=interpreted, Vv=VM code)
j  org.jpype.ref.JPypeReferenceNative.wake()V+0
j  org.jpype.ref.JPypeReferenceQueue$Worker.run()V+42
j  java.lang.Thread.run()V+11 java.base@17.0.6
v  ~StubRoutines::call_stub

---------------  P R O C E S S  ---------------

Threads class SMR info:
_java_thread_list=0x000001de8a0a3920, length=20, elements={
0x000001de8fff4bb0, 0x000001de8fff5080, 0x000001de8fff8f10, 0x000001de8fff5a20,
0x000001de8fff3870, 0x000001de8fff80a0, 0x000001de8fff2530, 0x000001de8fe8f160,
0x000001de8fe92400, 0x000001de8fe914d0, 0x000001de8fe8bec0, 0x000001de8fff5ef0,
0x000001de8fff93e0, 0x000001de8fff63c0, 0x000001de8fe905a0, 0x000001de8fe8af90,
0x000001de8fe92e20, 0x000001de8fe8d810, 0x000001de8fe8cdf0, 0x000001de8fe8b9b0
}

Java Threads: ( => current thread )
  0x000001de8fff4bb0 JavaThread "main" [_thread_in_vm, id=1492, stack(0x000000525e000000,0x000000525e1f0000)]
  0x000001de8fff5080 JavaThread "Reference Handler" daemon [_thread_blocked, id=12340, stack(0x0000005265a90000,0x0000005265c80000)]
  0x000001de8fff8f10 JavaThread "Finalizer" daemon [_thread_blocked, id=5424, stack(0x0000005265c80000,0x0000005265e70000)]
  0x000001de8fff5a20 JavaThread "Signal Dispatcher" daemon [_thread_blocked, id=10580, stack(0x0000005265e70000,0x0000005266060000)]
  0x000001de8fff3870 JavaThread "Attach Listener" daemon [_thread_blocked, id=4760, stack(0x0000005266060000,0x0000005266250000)]
  0x000001de8fff80a0 JavaThread "Service Thread" daemon [_thread_blocked, id=5924, stack(0x0000005266250000,0x0000005266440000)]
  0x000001de8fff2530 JavaThread "Monitor Deflation Thread" daemon [_thread_blocked, id=7760, stack(0x0000005266440000,0x0000005266630000)]
  0x000001de8fe8f160 JavaThread "C2 CompilerThread0" daemon [_thread_blocked, id=5512, stack(0x0000005266630000,0x0000005266820000)]
  0x000001de8fe92400 JavaThread "C1 CompilerThread0" daemon [_thread_blocked, id=14560, stack(0x0000005266820000,0x0000005266a10000)]
  0x000001de8fe914d0 JavaThread "Sweeper thread" daemon [_thread_blocked, id=324, stack(0x0000005266a10000,0x0000005266c00000)]
  0x000001de8fe8bec0 JavaThread "C1 CompilerThread1" daemon [_thread_blocked, id=15372, stack(0x0000005266c00000,0x0000005266df0000)]
  0x000001de8fff5ef0 JavaThread "Notification Thread" daemon [_thread_blocked, id=13464, stack(0x0000005266df0000,0x0000005266fe0000)]
  0x000001de8fff93e0 JavaThread "Common-Cleaner" daemon [_thread_blocked, id=17356, stack(0x00000052671d0000,0x00000052673c0000)]
=>0x000001de8fff63c0 JavaThread "Python Reference Queue" daemon [_thread_in_native, id=3556, stack(0x00000052673c0000,0x00000052675b0000)]
  0x000001de8fe905a0 JavaThread "C1 CompilerThread2" daemon [_thread_blocked, id=9036, stack(0x00000052675b0000,0x00000052677a0000)]
  0x000001de8fe8af90 JavaThread "C1 CompilerThread3" daemon [_thread_blocked, id=14988, stack(0x00000052677a0000,0x0000005267990000)]
  0x000001de8fe92e20 JavaThread "C2 CompilerThread1" daemon [_thread_blocked, id=15644, stack(0x0000005268530000,0x0000005268720000)]
  0x000001de8fe8d810 JavaThread "C2 CompilerThread2" daemon [_thread_blocked, id=15764, stack(0x0000005268720000,0x0000005268910000)]
  0x000001de8fe8cdf0 JavaThread "C2 CompilerThread3" daemon [_thread_in_native, id=4908, stack(0x0000005268910000,0x0000005268b00000)]
  0x000001de8fe8b9b0 JavaThread "C2 CompilerThread4" daemon [_thread_blocked, id=1224, stack(0x0000005268b00000,0x0000005268cf0000)]

Other Threads:
  0x000001de92952280 VMThread "VM Thread" [stack: 0x00000052658a0000,0x0000005265a90000] [id=13432]
  0x000001de929199a0 WatcherThread [stack: 0x0000005266fe0000,0x00000052671d0000] [id=11952]
  0x000001de92902af0 GCTaskThread "GC Thread#0" [stack: 0x0000005264540000,0x0000005264730000] [id=16688]
  0x000001de92905e00 GCTaskThread "GC Thread#1" [stack: 0x0000005267990000,0x0000005267b80000] [id=7052]
  0x000001de929060b0 GCTaskThread "GC Thread#2" [stack: 0x0000005267b80000,0x0000005267d70000] [id=15876]
  0x000001de928fe260 GCTaskThread "GC Thread#3" [stack: 0x0000005267d70000,0x0000005267f60000] [id=16220]
  0x000001de92901570 GCTaskThread "GC Thread#4" [stack: 0x0000005267f60000,0x0000005268150000] [id=15668]
  0x000001de92906360 GCTaskThread "GC Thread#5" [stack: 0x0000005268150000,0x0000005268340000] [id=5208]
  0x000001de92906610 GCTaskThread "GC Thread#6" [stack: 0x0000005268340000,0x0000005268530000] [id=1408]
  0x000001deb53a5d00 ConcurrentGCThread "G1 Main Marker" [stack: 0x00000052650e0000,0x00000052652d0000] [id=10524]
  0x000001de92903860 ConcurrentGCThread "G1 Conc#0" [stack: 0x00000052652d0000,0x00000052654c0000] [id=17104]
  0x000001de8feaf880 ConcurrentGCThread "G1 Refine#0" [stack: 0x00000052654c0000,0x00000052656b0000] [id=8996]
  0x000001de92272cb0 ConcurrentGCThread "G1 Service" [stack: 0x00000052656b0000,0x00000052658a0000] [id=15052]

Threads with active compile tasks:
C2 CompilerThread3      345  878       4       jdk.internal.jimage.ImageReader$SharedImageReader::lambda$handleModulesSubTree$1 (43 bytes)

VM state: not at safepoint (normal execution)

VM Mutex/Monitor currently owned by a thread: None

Heap address: 0x00000000c0000000, size: 1024 MB, Compressed Oops mode: 32-bit

CDS archive(s) mapped at: [0x0000000800000000-0x0000000800bd0000-0x0000000800bd0000), size 12386304, SharedBaseAddress: 0x0000000800000000, ArchiveRelocationMode: 0.
Compressed class space mapped at: 0x0000000800c00000-0x0000000840c00000, reserved size: 1073741824
Narrow klass base: 0x0000000800000000, Narrow klass shift: 0, Narrow klass range: 0x100000000

GC Precious Log:
 CPUs: 20 total, 20 available
 Memory: 32527M
 Large Page Support: Disabled
 NUMA Support: Disabled
 Compressed Oops: Enabled (32-bit)
 Heap Region Size: 1M
 Heap Min Capacity: 8M
 Heap Initial Capacity: 510M
 Heap Max Capacity: 1G
 Pre-touch: Disabled
 Parallel Workers: 15
 Concurrent Workers: 4
 Concurrent Refinement Workers: 15
 Periodic GC: Disabled

Heap:
 garbage-first heap   total 273408K, used 9681K [0x00000000c0000000, 0x0000000100000000)
  region size 1024K, 5 young (5120K), 1 survivors (1024K)
 Metaspace       used 4499K, committed 4608K, reserved 1056768K
  class space    used 520K, committed 576K, reserved 1048576K

Heap Regions: E=young(eden), S=young(survivor), O=old, HS=humongous(starts), HC=humongous(continues), CS=collection set, F=free, OA=open archive, CA=closed archive, TAMS=top-at-mark-start (previous, next)
|   0|0x00000000c0000000, 0x00000000c0070078, 0x00000000c0100000| 43%| O|  |TAMS 0x00000000c0000000, 0x00000000c0000000| Untracked 
|   1|0x00000000c0100000, 0x00000000c010cf98, 0x00000000c0200000|  5%| O|  |TAMS 0x00000000c0100000, 0x00000000c0100000| Untracked 
|   2|0x00000000c0200000, 0x00000000c0231b58, 0x00000000c0300000| 19%| O|  |TAMS 0x00000000c0200000, 0x00000000c0200000| Untracked 
|   3|0x00000000c0300000, 0x00000000c0356d70, 0x00000000c0400000| 33%| O|  |TAMS 0x00000000c0300000, 0x00000000c0300000| Untracked 
|   4|0x00000000c0400000, 0x00000000c04201d0, 0x00000000c0500000| 12%| O|  |TAMS 0x00000000c0400000, 0x00000000c0400000| Untracked 
|   5|0x00000000c0500000, 0x00000000c0549d40, 0x00000000c0600000| 28%| O|  |TAMS 0x00000000c0500000, 0x00000000c0500000| Untracked 
|   6|0x00000000c0600000, 0x00000000c0700000, 0x00000000c0700000|100%| O|  |TAMS 0x00000000c0600000, 0x00000000c0600000| Untracked 
|   7|0x00000000c0700000, 0x00000000c0800000, 0x00000000c0800000|100%| O|  |TAMS 0x00000000c0700000, 0x00000000c0700000| Untracked 
|   8|0x00000000c0800000, 0x00000000c0900000, 0x00000000c0900000|100%| O|  |TAMS 0x00000000c0800000, 0x00000000c0800000| Untracked 
|   9|0x00000000c0900000, 0x00000000c0992000, 0x00000000c0a00000| 57%| O|  |TAMS 0x00000000c0900000, 0x00000000c0900000| Untracked 
|  10|0x00000000c0a00000, 0x00000000c0a00000, 0x00000000c0b00000|  0%| F|  |TAMS 0x00000000c0a00000, 0x00000000c0a00000| Untracked 
|  11|0x00000000c0b00000, 0x00000000c0b00000, 0x00000000c0c00000|  0%| F|  |TAMS 0x00000000c0b00000, 0x00000000c0b00000| Untracked 
|  12|0x00000000c0c00000, 0x00000000c0c00000, 0x00000000c0d00000|  0%| F|  |TAMS 0x00000000c0c00000, 0x00000000c0c00000| Untracked 
|  13|0x00000000c0d00000, 0x00000000c0d00000, 0x00000000c0e00000|  0%| F|  |TAMS 0x00000000c0d00000, 0x00000000c0d00000| Untracked 
|  14|0x00000000c0e00000, 0x00000000c0e00000, 0x00000000c0f00000|  0%| F|  |TAMS 0x00000000c0e00000, 0x00000000c0e00000| Untracked 
|  15|0x00000000c0f00000, 0x00000000c1000000, 0x00000000c1000000|100%| S|CS|TAMS 0x00000000c0f00000, 0x00000000c0f00000| Complete 
|  16|0x00000000c1000000, 0x00000000c1000000, 0x00000000c1100000|  0%| F|  |TAMS 0x00000000c1000000, 0x00000000c1000000| Untracked 
|  17|0x00000000c1100000, 0x00000000c1100000, 0x00000000c1200000|  0%| F|  |TAMS 0x00000000c1100000, 0x00000000c1100000| Untracked 
|  18|0x00000000c1200000, 0x00000000c1200000, 0x00000000c1300000|  0%| F|  |TAMS 0x00000000c1200000, 0x00000000c1200000| Untracked 
|  19|0x00000000c1300000, 0x00000000c1300000, 0x00000000c1400000|  0%| F|  |TAMS 0x00000000c1300000, 0x00000000c1300000| Untracked 
|  20|0x00000000c1400000, 0x00000000c1400000, 0x00000000c1500000|  0%| F|  |TAMS 0x00000000c1400000, 0x00000000c1400000| Untracked 
|  21|0x00000000c1500000, 0x00000000c1500000, 0x00000000c1600000|  0%| F|  |TAMS 0x00000000c1500000, 0x00000000c1500000| Untracked 
|  22|0x00000000c1600000, 0x00000000c1600000, 0x00000000c1700000|  0%| F|  |TAMS 0x00000000c1600000, 0x00000000c1600000| Untracked 
|  23|0x00000000c1700000, 0x00000000c1700000, 0x00000000c1800000|  0%| F|  |TAMS 0x00000000c1700000, 0x00000000c1700000| Untracked 
|  24|0x00000000c1800000, 0x00000000c1800000, 0x00000000c1900000|  0%| F|  |TAMS 0x00000000c1800000, 0x00000000c1800000| Untracked 
|  25|0x00000000c1900000, 0x00000000c1900000, 0x00000000c1a00000|  0%| F|  |TAMS 0x00000000c1900000, 0x00000000c1900000| Untracked 
|  26|0x00000000c1a00000, 0x00000000c1a00000, 0x00000000c1b00000|  0%| F|  |TAMS 0x00000000c1a00000, 0x00000000c1a00000| Untracked 
|  27|0x00000000c1b00000, 0x00000000c1b00000, 0x00000000c1c00000|  0%| F|  |TAMS 0x00000000c1b00000, 0x00000000c1b00000| Untracked 
|  28|0x00000000c1c00000, 0x00000000c1c00000, 0x00000000c1d00000|  0%| F|  |TAMS 0x00000000c1c00000, 0x00000000c1c00000| Untracked 
|  29|0x00000000c1d00000, 0x00000000c1d00000, 0x00000000c1e00000|  0%| F|  |TAMS 0x00000000c1d00000, 0x00000000c1d00000| Untracked 
|  30|0x00000000c1e00000, 0x00000000c1e00000, 0x00000000c1f00000|  0%| F|  |TAMS 0x00000000c1e00000, 0x00000000c1e00000| Untracked 
|  31|0x00000000c1f00000, 0x00000000c1f00000, 0x00000000c2000000|  0%| F|  |TAMS 0x00000000c1f00000, 0x00000000c1f00000| Untracked 
|  32|0x00000000c2000000, 0x00000000c2000000, 0x00000000c2100000|  0%| F|  |TAMS 0x00000000c2000000, 0x00000000c2000000| Untracked 
|  33|0x00000000c2100000, 0x00000000c2100000, 0x00000000c2200000|  0%| F|  |TAMS 0x00000000c2100000, 0x00000000c2100000| Untracked 
|  34|0x00000000c2200000, 0x00000000c2200000, 0x00000000c2300000|  0%| F|  |TAMS 0x00000000c2200000, 0x00000000c2200000| Untracked 
|  35|0x00000000c2300000, 0x00000000c2300000, 0x00000000c2400000|  0%| F|  |TAMS 0x00000000c2300000, 0x00000000c2300000| Untracked 
|  36|0x00000000c2400000, 0x00000000c2400000, 0x00000000c2500000|  0%| F|  |TAMS 0x00000000c2400000, 0x00000000c2400000| Untracked 
|  37|0x00000000c2500000, 0x00000000c2500000, 0x00000000c2600000|  0%| F|  |TAMS 0x00000000c2500000, 0x00000000c2500000| Untracked 
|  38|0x00000000c2600000, 0x00000000c2600000, 0x00000000c2700000|  0%| F|  |TAMS 0x00000000c2600000, 0x00000000c2600000| Untracked 
|  39|0x00000000c2700000, 0x00000000c2700000, 0x00000000c2800000|  0%| F|  |TAMS 0x00000000c2700000, 0x00000000c2700000| Untracked 
|  40|0x00000000c2800000, 0x00000000c2800000, 0x00000000c2900000|  0%| F|  |TAMS 0x00000000c2800000, 0x00000000c2800000| Untracked 
|  41|0x00000000c2900000, 0x00000000c2900000, 0x00000000c2a00000|  0%| F|  |TAMS 0x00000000c2900000, 0x00000000c2900000| Untracked 
|  42|0x00000000c2a00000, 0x00000000c2a72c98, 0x00000000c2b00000| 44%| O|  |TAMS 0x00000000c2a00000, 0x00000000c2a00000| Untracked 
|  43|0x00000000c2b00000, 0x00000000c2b00000, 0x00000000c2c00000|  0%| F|  |TAMS 0x00000000c2b00000, 0x00000000c2b00000| Untracked 
|  44|0x00000000c2c00000, 0x00000000c2c00000, 0x00000000c2d00000|  0%| F|  |TAMS 0x00000000c2c00000, 0x00000000c2c00000| Untracked 
|  45|0x00000000c2d00000, 0x00000000c2d00000, 0x00000000c2e00000|  0%| F|  |TAMS 0x00000000c2d00000, 0x00000000c2d00000| Untracked 
|  46|0x00000000c2e00000, 0x00000000c2e00000, 0x00000000c2f00000|  0%| F|  |TAMS 0x00000000c2e00000, 0x00000000c2e00000| Untracked 
|  47|0x00000000c2f00000, 0x00000000c2f00000, 0x00000000c3000000|  0%| F|  |TAMS 0x00000000c2f00000, 0x00000000c2f00000| Untracked 
|  48|0x00000000c3000000, 0x00000000c3000000, 0x00000000c3100000|  0%| F|  |TAMS 0x00000000c3000000, 0x00000000c3000000| Untracked 
|  49|0x00000000c3100000, 0x00000000c3100000, 0x00000000c3200000|  0%| F|  |TAMS 0x00000000c3100000, 0x00000000c3100000| Untracked 
|  50|0x00000000c3200000, 0x00000000c3200000, 0x00000000c3300000|  0%| F|  |TAMS 0x00000000c3200000, 0x00000000c3200000| Untracked 
|  51|0x00000000c3300000, 0x00000000c3300000, 0x00000000c3400000|  0%| F|  |TAMS 0x00000000c3300000, 0x00000000c3300000| Untracked 
|  52|0x00000000c3400000, 0x00000000c3400000, 0x00000000c3500000|  0%| F|  |TAMS 0x00000000c3400000, 0x00000000c3400000| Untracked 
|  53|0x00000000c3500000, 0x00000000c3500000, 0x00000000c3600000|  0%| F|  |TAMS 0x00000000c3500000, 0x00000000c3500000| Untracked 
|  54|0x00000000c3600000, 0x00000000c3600000, 0x00000000c3700000|  0%| F|  |TAMS 0x00000000c3600000, 0x00000000c3600000| Untracked 
|  55|0x00000000c3700000, 0x00000000c3700000, 0x00000000c3800000|  0%| F|  |TAMS 0x00000000c3700000, 0x00000000c3700000| Untracked 
|  56|0x00000000c3800000, 0x00000000c3800000, 0x00000000c3900000|  0%| F|  |TAMS 0x00000000c3800000, 0x00000000c3800000| Untracked 
|  57|0x00000000c3900000, 0x00000000c3900000, 0x00000000c3a00000|  0%| F|  |TAMS 0x00000000c3900000, 0x00000000c3900000| Untracked 
|  58|0x00000000c3a00000, 0x00000000c3a00000, 0x00000000c3b00000|  0%| F|  |TAMS 0x00000000c3a00000, 0x00000000c3a00000| Untracked 
|  59|0x00000000c3b00000, 0x00000000c3b00000, 0x00000000c3c00000|  0%| F|  |TAMS 0x00000000c3b00000, 0x00000000c3b00000| Untracked 
|  60|0x00000000c3c00000, 0x00000000c3c00000, 0x00000000c3d00000|  0%| F|  |TAMS 0x00000000c3c00000, 0x00000000c3c00000| Untracked 
|  61|0x00000000c3d00000, 0x00000000c3d00000, 0x00000000c3e00000|  0%| F|  |TAMS 0x00000000c3d00000, 0x00000000c3d00000| Untracked 
|  62|0x00000000c3e00000, 0x00000000c3e00000, 0x00000000c3f00000|  0%| F|  |TAMS 0x00000000c3e00000, 0x00000000c3e00000| Untracked 
|  63|0x00000000c3f00000, 0x00000000c3f00000, 0x00000000c4000000|  0%| F|  |TAMS 0x00000000c3f00000, 0x00000000c3f00000| Untracked 
|  64|0x00000000c4000000, 0x00000000c4000000, 0x00000000c4100000|  0%| F|  |TAMS 0x00000000c4000000, 0x00000000c4000000| Untracked 
|  65|0x00000000c4100000, 0x00000000c4100000, 0x00000000c4200000|  0%| F|  |TAMS 0x00000000c4100000, 0x00000000c4100000| Untracked 
|  66|0x00000000c4200000, 0x00000000c4200000, 0x00000000c4300000|  0%| F|  |TAMS 0x00000000c4200000, 0x00000000c4200000| Untracked 
|  67|0x00000000c4300000, 0x00000000c4300000, 0x00000000c4400000|  0%| F|  |TAMS 0x00000000c4300000, 0x00000000c4300000| Untracked 
|  68|0x00000000c4400000, 0x00000000c4400000, 0x00000000c4500000|  0%| F|  |TAMS 0x00000000c4400000, 0x00000000c4400000| Untracked 
|  69|0x00000000c4500000, 0x00000000c4500000, 0x00000000c4600000|  0%| F|  |TAMS 0x00000000c4500000, 0x00000000c4500000| Untracked 
|  70|0x00000000c4600000, 0x00000000c4600000, 0x00000000c4700000|  0%| F|  |TAMS 0x00000000c4600000, 0x00000000c4600000| Untracked 
|  71|0x00000000c4700000, 0x00000000c4700000, 0x00000000c4800000|  0%| F|  |TAMS 0x00000000c4700000, 0x00000000c4700000| Untracked 
|  72|0x00000000c4800000, 0x00000000c4800000, 0x00000000c4900000|  0%| F|  |TAMS 0x00000000c4800000, 0x00000000c4800000| Untracked 
|  73|0x00000000c4900000, 0x00000000c4900000, 0x00000000c4a00000|  0%| F|  |TAMS 0x00000000c4900000, 0x00000000c4900000| Untracked 
|  74|0x00000000c4a00000, 0x00000000c4a00000, 0x00000000c4b00000|  0%| F|  |TAMS 0x00000000c4a00000, 0x00000000c4a00000| Untracked 
|  75|0x00000000c4b00000, 0x00000000c4b00000, 0x00000000c4c00000|  0%| F|  |TAMS 0x00000000c4b00000, 0x00000000c4b00000| Untracked 
|  76|0x00000000c4c00000, 0x00000000c4c00000, 0x00000000c4d00000|  0%| F|  |TAMS 0x00000000c4c00000, 0x00000000c4c00000| Untracked 
|  77|0x00000000c4d00000, 0x00000000c4d00000, 0x00000000c4e00000|  0%| F|  |TAMS 0x00000000c4d00000, 0x00000000c4d00000| Untracked 
|  78|0x00000000c4e00000, 0x00000000c4e00000, 0x00000000c4f00000|  0%| F|  |TAMS 0x00000000c4e00000, 0x00000000c4e00000| Untracked 
|  79|0x00000000c4f00000, 0x00000000c4f00000, 0x00000000c5000000|  0%| F|  |TAMS 0x00000000c4f00000, 0x00000000c4f00000| Untracked 
|  80|0x00000000c5000000, 0x00000000c5000000, 0x00000000c5100000|  0%| F|  |TAMS 0x00000000c5000000, 0x00000000c5000000| Untracked 
|  81|0x00000000c5100000, 0x00000000c5100000, 0x00000000c5200000|  0%| F|  |TAMS 0x00000000c5100000, 0x00000000c5100000| Untracked 
|  82|0x00000000c5200000, 0x00000000c5200000, 0x00000000c5300000|  0%| F|  |TAMS 0x00000000c5200000, 0x00000000c5200000| Untracked 
|  83|0x00000000c5300000, 0x00000000c5300000, 0x00000000c5400000|  0%| F|  |TAMS 0x00000000c5300000, 0x00000000c5300000| Untracked 
|  84|0x00000000c5400000, 0x00000000c5400000, 0x00000000c5500000|  0%| F|  |TAMS 0x00000000c5400000, 0x00000000c5400000| Untracked 
|  85|0x00000000c5500000, 0x00000000c5500000, 0x00000000c5600000|  0%| F|  |TAMS 0x00000000c5500000, 0x00000000c5500000| Untracked 
|  86|0x00000000c5600000, 0x00000000c5600000, 0x00000000c5700000|  0%| F|  |TAMS 0x00000000c5600000, 0x00000000c5600000| Untracked 
|  87|0x00000000c5700000, 0x00000000c5700000, 0x00000000c5800000|  0%| F|  |TAMS 0x00000000c5700000, 0x00000000c5700000| Untracked 
|  88|0x00000000c5800000, 0x00000000c5800000, 0x00000000c5900000|  0%| F|  |TAMS 0x00000000c5800000, 0x00000000c5800000| Untracked 
|  89|0x00000000c5900000, 0x00000000c5900000, 0x00000000c5a00000|  0%| F|  |TAMS 0x00000000c5900000, 0x00000000c5900000| Untracked 
|  90|0x00000000c5a00000, 0x00000000c5a00000, 0x00000000c5b00000|  0%| F|  |TAMS 0x00000000c5a00000, 0x00000000c5a00000| Untracked 
|  91|0x00000000c5b00000, 0x00000000c5b00000, 0x00000000c5c00000|  0%| F|  |TAMS 0x00000000c5b00000, 0x00000000c5b00000| Untracked 
|  92|0x00000000c5c00000, 0x00000000c5c00000, 0x00000000c5d00000|  0%| F|  |TAMS 0x00000000c5c00000, 0x00000000c5c00000| Untracked 
|  93|0x00000000c5d00000, 0x00000000c5d00000, 0x00000000c5e00000|  0%| F|  |TAMS 0x00000000c5d00000, 0x00000000c5d00000| Untracked 
|  94|0x00000000c5e00000, 0x00000000c5e00000, 0x00000000c5f00000|  0%| F|  |TAMS 0x00000000c5e00000, 0x00000000c5e00000| Untracked 
|  95|0x00000000c5f00000, 0x00000000c5f00000, 0x00000000c6000000|  0%| F|  |TAMS 0x00000000c5f00000, 0x00000000c5f00000| Untracked 
|  96|0x00000000c6000000, 0x00000000c6000000, 0x00000000c6100000|  0%| F|  |TAMS 0x00000000c6000000, 0x00000000c6000000| Untracked 
|  97|0x00000000c6100000, 0x00000000c6100000, 0x00000000c6200000|  0%| F|  |TAMS 0x00000000c6100000, 0x00000000c6100000| Untracked 
|  98|0x00000000c6200000, 0x00000000c6200000, 0x00000000c6300000|  0%| F|  |TAMS 0x00000000c6200000, 0x00000000c6200000| Untracked 
|  99|0x00000000c6300000, 0x00000000c6300000, 0x00000000c6400000|  0%| F|  |TAMS 0x00000000c6300000, 0x00000000c6300000| Untracked 
| 100|0x00000000c6400000, 0x00000000c6400000, 0x00000000c6500000|  0%| F|  |TAMS 0x00000000c6400000, 0x00000000c6400000| Untracked 
| 101|0x00000000c6500000, 0x00000000c6500000, 0x00000000c6600000|  0%| F|  |TAMS 0x00000000c6500000, 0x00000000c6500000| Untracked 
| 102|0x00000000c6600000, 0x00000000c6600000, 0x00000000c6700000|  0%| F|  |TAMS 0x00000000c6600000, 0x00000000c6600000| Untracked 
| 103|0x00000000c6700000, 0x00000000c6700000, 0x00000000c6800000|  0%| F|  |TAMS 0x00000000c6700000, 0x00000000c6700000| Untracked 
| 104|0x00000000c6800000, 0x00000000c6800000, 0x00000000c6900000|  0%| F|  |TAMS 0x00000000c6800000, 0x00000000c6800000| Untracked 
| 105|0x00000000c6900000, 0x00000000c6900000, 0x00000000c6a00000|  0%| F|  |TAMS 0x00000000c6900000, 0x00000000c6900000| Untracked 
| 106|0x00000000c6a00000, 0x00000000c6a00000, 0x00000000c6b00000|  0%| F|  |TAMS 0x00000000c6a00000, 0x00000000c6a00000| Untracked 
| 107|0x00000000c6b00000, 0x00000000c6b00000, 0x00000000c6c00000|  0%| F|  |TAMS 0x00000000c6b00000, 0x00000000c6b00000| Untracked 
| 108|0x00000000c6c00000, 0x00000000c6c00000, 0x00000000c6d00000|  0%| F|  |TAMS 0x00000000c6c00000, 0x00000000c6c00000| Untracked 
| 109|0x00000000c6d00000, 0x00000000c6d00000, 0x00000000c6e00000|  0%| F|  |TAMS 0x00000000c6d00000, 0x00000000c6d00000| Untracked 
| 110|0x00000000c6e00000, 0x00000000c6e00000, 0x00000000c6f00000|  0%| F|  |TAMS 0x00000000c6e00000, 0x00000000c6e00000| Untracked 
| 111|0x00000000c6f00000, 0x00000000c6f00000, 0x00000000c7000000|  0%| F|  |TAMS 0x00000000c6f00000, 0x00000000c6f00000| Untracked 
| 112|0x00000000c7000000, 0x00000000c7000000, 0x00000000c7100000|  0%| F|  |TAMS 0x00000000c7000000, 0x00000000c7000000| Untracked 
| 113|0x00000000c7100000, 0x00000000c7100000, 0x00000000c7200000|  0%| F|  |TAMS 0x00000000c7100000, 0x00000000c7100000| Untracked 
| 114|0x00000000c7200000, 0x00000000c7200000, 0x00000000c7300000|  0%| F|  |TAMS 0x00000000c7200000, 0x00000000c7200000| Untracked 
| 115|0x00000000c7300000, 0x00000000c7300000, 0x00000000c7400000|  0%| F|  |TAMS 0x00000000c7300000, 0x00000000c7300000| Untracked 
| 116|0x00000000c7400000, 0x00000000c7400000, 0x00000000c7500000|  0%| F|  |TAMS 0x00000000c7400000, 0x00000000c7400000| Untracked 
| 117|0x00000000c7500000, 0x00000000c7500000, 0x00000000c7600000|  0%| F|  |TAMS 0x00000000c7500000, 0x00000000c7500000| Untracked 
| 118|0x00000000c7600000, 0x00000000c7600000, 0x00000000c7700000|  0%| F|  |TAMS 0x00000000c7600000, 0x00000000c7600000| Untracked 
| 119|0x00000000c7700000, 0x00000000c7700000, 0x00000000c7800000|  0%| F|  |TAMS 0x00000000c7700000, 0x00000000c7700000| Untracked 
| 120|0x00000000c7800000, 0x00000000c7800000, 0x00000000c7900000|  0%| F|  |TAMS 0x00000000c7800000, 0x00000000c7800000| Untracked 
| 121|0x00000000c7900000, 0x00000000c7900000, 0x00000000c7a00000|  0%| F|  |TAMS 0x00000000c7900000, 0x00000000c7900000| Untracked 
| 122|0x00000000c7a00000, 0x00000000c7a00000, 0x00000000c7b00000|  0%| F|  |TAMS 0x00000000c7a00000, 0x00000000c7a00000| Untracked 
| 123|0x00000000c7b00000, 0x00000000c7b00000, 0x00000000c7c00000|  0%| F|  |TAMS 0x00000000c7b00000, 0x00000000c7b00000| Untracked 
| 124|0x00000000c7c00000, 0x00000000c7c00000, 0x00000000c7d00000|  0%| F|  |TAMS 0x00000000c7c00000, 0x00000000c7c00000| Untracked 
| 125|0x00000000c7d00000, 0x00000000c7d00000, 0x00000000c7e00000|  0%| F|  |TAMS 0x00000000c7d00000, 0x00000000c7d00000| Untracked 
| 126|0x00000000c7e00000, 0x00000000c7e00000, 0x00000000c7f00000|  0%| F|  |TAMS 0x00000000c7e00000, 0x00000000c7e00000| Untracked 
| 127|0x00000000c7f00000, 0x00000000c7f00000, 0x00000000c8000000|  0%| F|  |TAMS 0x00000000c7f00000, 0x00000000c7f00000| Untracked 
| 128|0x00000000c8000000, 0x00000000c8000000, 0x00000000c8100000|  0%| F|  |TAMS 0x00000000c8000000, 0x00000000c8000000| Untracked 
| 129|0x00000000c8100000, 0x00000000c8100000, 0x00000000c8200000|  0%| F|  |TAMS 0x00000000c8100000, 0x00000000c8100000| Untracked 
| 130|0x00000000c8200000, 0x00000000c8200000, 0x00000000c8300000|  0%| F|  |TAMS 0x00000000c8200000, 0x00000000c8200000| Untracked 
| 131|0x00000000c8300000, 0x00000000c8300000, 0x00000000c8400000|  0%| F|  |TAMS 0x00000000c8300000, 0x00000000c8300000| Untracked 
| 132|0x00000000c8400000, 0x00000000c8400000, 0x00000000c8500000|  0%| F|  |TAMS 0x00000000c8400000, 0x00000000c8400000| Untracked 
| 133|0x00000000c8500000, 0x00000000c8500000, 0x00000000c8600000|  0%| F|  |TAMS 0x00000000c8500000, 0x00000000c8500000| Untracked 
| 134|0x00000000c8600000, 0x00000000c8600000, 0x00000000c8700000|  0%| F|  |TAMS 0x00000000c8600000, 0x00000000c8600000| Untracked 
| 135|0x00000000c8700000, 0x00000000c8700000, 0x00000000c8800000|  0%| F|  |TAMS 0x00000000c8700000, 0x00000000c8700000| Untracked 
| 136|0x00000000c8800000, 0x00000000c8800000, 0x00000000c8900000|  0%| F|  |TAMS 0x00000000c8800000, 0x00000000c8800000| Untracked 
| 137|0x00000000c8900000, 0x00000000c8900000, 0x00000000c8a00000|  0%| F|  |TAMS 0x00000000c8900000, 0x00000000c8900000| Untracked 
| 138|0x00000000c8a00000, 0x00000000c8a00000, 0x00000000c8b00000|  0%| F|  |TAMS 0x00000000c8a00000, 0x00000000c8a00000| Untracked 
| 139|0x00000000c8b00000, 0x00000000c8b00000, 0x00000000c8c00000|  0%| F|  |TAMS 0x00000000c8b00000, 0x00000000c8b00000| Untracked 
| 140|0x00000000c8c00000, 0x00000000c8c00000, 0x00000000c8d00000|  0%| F|  |TAMS 0x00000000c8c00000, 0x00000000c8c00000| Untracked 
| 141|0x00000000c8d00000, 0x00000000c8d00000, 0x00000000c8e00000|  0%| F|  |TAMS 0x00000000c8d00000, 0x00000000c8d00000| Untracked 
| 142|0x00000000c8e00000, 0x00000000c8e00000, 0x00000000c8f00000|  0%| F|  |TAMS 0x00000000c8e00000, 0x00000000c8e00000| Untracked 
| 143|0x00000000c8f00000, 0x00000000c8f00000, 0x00000000c9000000|  0%| F|  |TAMS 0x00000000c8f00000, 0x00000000c8f00000| Untracked 
| 144|0x00000000c9000000, 0x00000000c9000000, 0x00000000c9100000|  0%| F|  |TAMS 0x00000000c9000000, 0x00000000c9000000| Untracked 
| 145|0x00000000c9100000, 0x00000000c9100000, 0x00000000c9200000|  0%| F|  |TAMS 0x00000000c9100000, 0x00000000c9100000| Untracked 
| 146|0x00000000c9200000, 0x00000000c9200000, 0x00000000c9300000|  0%| F|  |TAMS 0x00000000c9200000, 0x00000000c9200000| Untracked 
| 147|0x00000000c9300000, 0x00000000c9300000, 0x00000000c9400000|  0%| F|  |TAMS 0x00000000c9300000, 0x00000000c9300000| Untracked 
| 148|0x00000000c9400000, 0x00000000c9400000, 0x00000000c9500000|  0%| F|  |TAMS 0x00000000c9400000, 0x00000000c9400000| Untracked 
| 149|0x00000000c9500000, 0x00000000c9500000, 0x00000000c9600000|  0%| F|  |TAMS 0x00000000c9500000, 0x00000000c9500000| Untracked 
| 150|0x00000000c9600000, 0x00000000c9600000, 0x00000000c9700000|  0%| F|  |TAMS 0x00000000c9600000, 0x00000000c9600000| Untracked 
| 151|0x00000000c9700000, 0x00000000c9700000, 0x00000000c9800000|  0%| F|  |TAMS 0x00000000c9700000, 0x00000000c9700000| Untracked 
| 152|0x00000000c9800000, 0x00000000c9800000, 0x00000000c9900000|  0%| F|  |TAMS 0x00000000c9800000, 0x00000000c9800000| Untracked 
| 153|0x00000000c9900000, 0x00000000c9900000, 0x00000000c9a00000|  0%| F|  |TAMS 0x00000000c9900000, 0x00000000c9900000| Untracked 
| 154|0x00000000c9a00000, 0x00000000c9a00000, 0x00000000c9b00000|  0%| F|  |TAMS 0x00000000c9a00000, 0x00000000c9a00000| Untracked 
| 155|0x00000000c9b00000, 0x00000000c9b00000, 0x00000000c9c00000|  0%| F|  |TAMS 0x00000000c9b00000, 0x00000000c9b00000| Untracked 
| 156|0x00000000c9c00000, 0x00000000c9c00000, 0x00000000c9d00000|  0%| F|  |TAMS 0x00000000c9c00000, 0x00000000c9c00000| Untracked 
| 157|0x00000000c9d00000, 0x00000000c9d00000, 0x00000000c9e00000|  0%| F|  |TAMS 0x00000000c9d00000, 0x00000000c9d00000| Untracked 
| 158|0x00000000c9e00000, 0x00000000c9e00000, 0x00000000c9f00000|  0%| F|  |TAMS 0x00000000c9e00000, 0x00000000c9e00000| Untracked 
| 159|0x00000000c9f00000, 0x00000000c9f00000, 0x00000000ca000000|  0%| F|  |TAMS 0x00000000c9f00000, 0x00000000c9f00000| Untracked 
| 160|0x00000000ca000000, 0x00000000ca000000, 0x00000000ca100000|  0%| F|  |TAMS 0x00000000ca000000, 0x00000000ca000000| Untracked 
| 161|0x00000000ca100000, 0x00000000ca100000, 0x00000000ca200000|  0%| F|  |TAMS 0x00000000ca100000, 0x00000000ca100000| Untracked 
| 162|0x00000000ca200000, 0x00000000ca200000, 0x00000000ca300000|  0%| F|  |TAMS 0x00000000ca200000, 0x00000000ca200000| Untracked 
| 163|0x00000000ca300000, 0x00000000ca300000, 0x00000000ca400000|  0%| F|  |TAMS 0x00000000ca300000, 0x00000000ca300000| Untracked 
| 164|0x00000000ca400000, 0x00000000ca400000, 0x00000000ca500000|  0%| F|  |TAMS 0x00000000ca400000, 0x00000000ca400000| Untracked 
| 165|0x00000000ca500000, 0x00000000ca500000, 0x00000000ca600000|  0%| F|  |TAMS 0x00000000ca500000, 0x00000000ca500000| Untracked 
| 166|0x00000000ca600000, 0x00000000ca600000, 0x00000000ca700000|  0%| F|  |TAMS 0x00000000ca600000, 0x00000000ca600000| Untracked 
| 167|0x00000000ca700000, 0x00000000ca700000, 0x00000000ca800000|  0%| F|  |TAMS 0x00000000ca700000, 0x00000000ca700000| Untracked 
| 168|0x00000000ca800000, 0x00000000ca800000, 0x00000000ca900000|  0%| F|  |TAMS 0x00000000ca800000, 0x00000000ca800000| Untracked 
| 169|0x00000000ca900000, 0x00000000ca900000, 0x00000000caa00000|  0%| F|  |TAMS 0x00000000ca900000, 0x00000000ca900000| Untracked 
| 170|0x00000000caa00000, 0x00000000caa00000, 0x00000000cab00000|  0%| F|  |TAMS 0x00000000caa00000, 0x00000000caa00000| Untracked 
| 171|0x00000000cab00000, 0x00000000cab00000, 0x00000000cac00000|  0%| F|  |TAMS 0x00000000cab00000, 0x00000000cab00000| Untracked 
| 172|0x00000000cac00000, 0x00000000cac00000, 0x00000000cad00000|  0%| F|  |TAMS 0x00000000cac00000, 0x00000000cac00000| Untracked 
| 173|0x00000000cad00000, 0x00000000cad00000, 0x00000000cae00000|  0%| F|  |TAMS 0x00000000cad00000, 0x00000000cad00000| Untracked 
| 174|0x00000000cae00000, 0x00000000cae00000, 0x00000000caf00000|  0%| F|  |TAMS 0x00000000cae00000, 0x00000000cae00000| Untracked 
| 175|0x00000000caf00000, 0x00000000caf00000, 0x00000000cb000000|  0%| F|  |TAMS 0x00000000caf00000, 0x00000000caf00000| Untracked 
| 176|0x00000000cb000000, 0x00000000cb000000, 0x00000000cb100000|  0%| F|  |TAMS 0x00000000cb000000, 0x00000000cb000000| Untracked 
| 177|0x00000000cb100000, 0x00000000cb100000, 0x00000000cb200000|  0%| F|  |TAMS 0x00000000cb100000, 0x00000000cb100000| Untracked 
| 178|0x00000000cb200000, 0x00000000cb200000, 0x00000000cb300000|  0%| F|  |TAMS 0x00000000cb200000, 0x00000000cb200000| Untracked 
| 179|0x00000000cb300000, 0x00000000cb300000, 0x00000000cb400000|  0%| F|  |TAMS 0x00000000cb300000, 0x00000000cb300000| Untracked 
| 180|0x00000000cb400000, 0x00000000cb400000, 0x00000000cb500000|  0%| F|  |TAMS 0x00000000cb400000, 0x00000000cb400000| Untracked 
| 181|0x00000000cb500000, 0x00000000cb500000, 0x00000000cb600000|  0%| F|  |TAMS 0x00000000cb500000, 0x00000000cb500000| Untracked 
| 182|0x00000000cb600000, 0x00000000cb600000, 0x00000000cb700000|  0%| F|  |TAMS 0x00000000cb600000, 0x00000000cb600000| Untracked 
| 183|0x00000000cb700000, 0x00000000cb700000, 0x00000000cb800000|  0%| F|  |TAMS 0x00000000cb700000, 0x00000000cb700000| Untracked 
| 184|0x00000000cb800000, 0x00000000cb800000, 0x00000000cb900000|  0%| F|  |TAMS 0x00000000cb800000, 0x00000000cb800000| Untracked 
| 185|0x00000000cb900000, 0x00000000cb900000, 0x00000000cba00000|  0%| F|  |TAMS 0x00000000cb900000, 0x00000000cb900000| Untracked 
| 186|0x00000000cba00000, 0x00000000cba00000, 0x00000000cbb00000|  0%| F|  |TAMS 0x00000000cba00000, 0x00000000cba00000| Untracked 
| 187|0x00000000cbb00000, 0x00000000cbb00000, 0x00000000cbc00000|  0%| F|  |TAMS 0x00000000cbb00000, 0x00000000cbb00000| Untracked 
| 188|0x00000000cbc00000, 0x00000000cbc00000, 0x00000000cbd00000|  0%| F|  |TAMS 0x00000000cbc00000, 0x00000000cbc00000| Untracked 
| 189|0x00000000cbd00000, 0x00000000cbd00000, 0x00000000cbe00000|  0%| F|  |TAMS 0x00000000cbd00000, 0x00000000cbd00000| Untracked 
| 190|0x00000000cbe00000, 0x00000000cbe00000, 0x00000000cbf00000|  0%| F|  |TAMS 0x00000000cbe00000, 0x00000000cbe00000| Untracked 
| 191|0x00000000cbf00000, 0x00000000cbf00000, 0x00000000cc000000|  0%| F|  |TAMS 0x00000000cbf00000, 0x00000000cbf00000| Untracked 
| 192|0x00000000cc000000, 0x00000000cc000000, 0x00000000cc100000|  0%| F|  |TAMS 0x00000000cc000000, 0x00000000cc000000| Untracked 
| 193|0x00000000cc100000, 0x00000000cc100000, 0x00000000cc200000|  0%| F|  |TAMS 0x00000000cc100000, 0x00000000cc100000| Untracked 
| 194|0x00000000cc200000, 0x00000000cc200000, 0x00000000cc300000|  0%| F|  |TAMS 0x00000000cc200000, 0x00000000cc200000| Untracked 
| 195|0x00000000cc300000, 0x00000000cc300000, 0x00000000cc400000|  0%| F|  |TAMS 0x00000000cc300000, 0x00000000cc300000| Untracked 
| 196|0x00000000cc400000, 0x00000000cc400000, 0x00000000cc500000|  0%| F|  |TAMS 0x00000000cc400000, 0x00000000cc400000| Untracked 
| 197|0x00000000cc500000, 0x00000000cc500000, 0x00000000cc600000|  0%| F|  |TAMS 0x00000000cc500000, 0x00000000cc500000| Untracked 
| 198|0x00000000cc600000, 0x00000000cc600000, 0x00000000cc700000|  0%| F|  |TAMS 0x00000000cc600000, 0x00000000cc600000| Untracked 
| 199|0x00000000cc700000, 0x00000000cc700000, 0x00000000cc800000|  0%| F|  |TAMS 0x00000000cc700000, 0x00000000cc700000| Untracked 
| 200|0x00000000cc800000, 0x00000000cc800000, 0x00000000cc900000|  0%| F|  |TAMS 0x00000000cc800000, 0x00000000cc800000| Untracked 
| 201|0x00000000cc900000, 0x00000000cc900000, 0x00000000cca00000|  0%| F|  |TAMS 0x00000000cc900000, 0x00000000cc900000| Untracked 
| 202|0x00000000cca00000, 0x00000000cca00000, 0x00000000ccb00000|  0%| F|  |TAMS 0x00000000cca00000, 0x00000000cca00000| Untracked 
| 203|0x00000000ccb00000, 0x00000000ccb00000, 0x00000000ccc00000|  0%| F|  |TAMS 0x00000000ccb00000, 0x00000000ccb00000| Untracked 
| 204|0x00000000ccc00000, 0x00000000ccc00000, 0x00000000ccd00000|  0%| F|  |TAMS 0x00000000ccc00000, 0x00000000ccc00000| Untracked 
| 205|0x00000000ccd00000, 0x00000000ccd00000, 0x00000000cce00000|  0%| F|  |TAMS 0x00000000ccd00000, 0x00000000ccd00000| Untracked 
| 206|0x00000000cce00000, 0x00000000cce00000, 0x00000000ccf00000|  0%| F|  |TAMS 0x00000000cce00000, 0x00000000cce00000| Untracked 
| 207|0x00000000ccf00000, 0x00000000ccf00000, 0x00000000cd000000|  0%| F|  |TAMS 0x00000000ccf00000, 0x00000000ccf00000| Untracked 
| 208|0x00000000cd000000, 0x00000000cd000000, 0x00000000cd100000|  0%| F|  |TAMS 0x00000000cd000000, 0x00000000cd000000| Untracked 
| 209|0x00000000cd100000, 0x00000000cd100000, 0x00000000cd200000|  0%| F|  |TAMS 0x00000000cd100000, 0x00000000cd100000| Untracked 
| 210|0x00000000cd200000, 0x00000000cd200000, 0x00000000cd300000|  0%| F|  |TAMS 0x00000000cd200000, 0x00000000cd200000| Untracked 
| 211|0x00000000cd300000, 0x00000000cd300000, 0x00000000cd400000|  0%| F|  |TAMS 0x00000000cd300000, 0x00000000cd300000| Untracked 
| 212|0x00000000cd400000, 0x00000000cd400000, 0x00000000cd500000|  0%| F|  |TAMS 0x00000000cd400000, 0x00000000cd400000| Untracked 
| 213|0x00000000cd500000, 0x00000000cd500000, 0x00000000cd600000|  0%| F|  |TAMS 0x00000000cd500000, 0x00000000cd500000| Untracked 
| 214|0x00000000cd600000, 0x00000000cd600000, 0x00000000cd700000|  0%| F|  |TAMS 0x00000000cd600000, 0x00000000cd600000| Untracked 
| 215|0x00000000cd700000, 0x00000000cd700000, 0x00000000cd800000|  0%| F|  |TAMS 0x00000000cd700000, 0x00000000cd700000| Untracked 
| 216|0x00000000cd800000, 0x00000000cd800000, 0x00000000cd900000|  0%| F|  |TAMS 0x00000000cd800000, 0x00000000cd800000| Untracked 
| 217|0x00000000cd900000, 0x00000000cd900000, 0x00000000cda00000|  0%| F|  |TAMS 0x00000000cd900000, 0x00000000cd900000| Untracked 
| 218|0x00000000cda00000, 0x00000000cda00000, 0x00000000cdb00000|  0%| F|  |TAMS 0x00000000cda00000, 0x00000000cda00000| Untracked 
| 219|0x00000000cdb00000, 0x00000000cdb00000, 0x00000000cdc00000|  0%| F|  |TAMS 0x00000000cdb00000, 0x00000000cdb00000| Untracked 
| 220|0x00000000cdc00000, 0x00000000cdc00000, 0x00000000cdd00000|  0%| F|  |TAMS 0x00000000cdc00000, 0x00000000cdc00000| Untracked 
| 221|0x00000000cdd00000, 0x00000000cdd00000, 0x00000000cde00000|  0%| F|  |TAMS 0x00000000cdd00000, 0x00000000cdd00000| Untracked 
| 222|0x00000000cde00000, 0x00000000cde00000, 0x00000000cdf00000|  0%| F|  |TAMS 0x00000000cde00000, 0x00000000cde00000| Untracked 
| 223|0x00000000cdf00000, 0x00000000cdf00000, 0x00000000ce000000|  0%| F|  |TAMS 0x00000000cdf00000, 0x00000000cdf00000| Untracked 
| 224|0x00000000ce000000, 0x00000000ce000000, 0x00000000ce100000|  0%| F|  |TAMS 0x00000000ce000000, 0x00000000ce000000| Untracked 
| 225|0x00000000ce100000, 0x00000000ce100000, 0x00000000ce200000|  0%| F|  |TAMS 0x00000000ce100000, 0x00000000ce100000| Untracked 
| 226|0x00000000ce200000, 0x00000000ce200000, 0x00000000ce300000|  0%| F|  |TAMS 0x00000000ce200000, 0x00000000ce200000| Untracked 
| 227|0x00000000ce300000, 0x00000000ce300000, 0x00000000ce400000|  0%| F|  |TAMS 0x00000000ce300000, 0x00000000ce300000| Untracked 
| 228|0x00000000ce400000, 0x00000000ce400000, 0x00000000ce500000|  0%| F|  |TAMS 0x00000000ce400000, 0x00000000ce400000| Untracked 
| 229|0x00000000ce500000, 0x00000000ce500000, 0x00000000ce600000|  0%| F|  |TAMS 0x00000000ce500000, 0x00000000ce500000| Untracked 
| 230|0x00000000ce600000, 0x00000000ce600000, 0x00000000ce700000|  0%| F|  |TAMS 0x00000000ce600000, 0x00000000ce600000| Untracked 
| 231|0x00000000ce700000, 0x00000000ce700000, 0x00000000ce800000|  0%| F|  |TAMS 0x00000000ce700000, 0x00000000ce700000| Untracked 
| 232|0x00000000ce800000, 0x00000000ce800000, 0x00000000ce900000|  0%| F|  |TAMS 0x00000000ce800000, 0x00000000ce800000| Untracked 
| 233|0x00000000ce900000, 0x00000000ce900000, 0x00000000cea00000|  0%| F|  |TAMS 0x00000000ce900000, 0x00000000ce900000| Untracked 
| 234|0x00000000cea00000, 0x00000000cea00000, 0x00000000ceb00000|  0%| F|  |TAMS 0x00000000cea00000, 0x00000000cea00000| Untracked 
| 235|0x00000000ceb00000, 0x00000000ceb00000, 0x00000000cec00000|  0%| F|  |TAMS 0x00000000ceb00000, 0x00000000ceb00000| Untracked 
| 236|0x00000000cec00000, 0x00000000cec00000, 0x00000000ced00000|  0%| F|  |TAMS 0x00000000cec00000, 0x00000000cec00000| Untracked 
| 237|0x00000000ced00000, 0x00000000ced00000, 0x00000000cee00000|  0%| F|  |TAMS 0x00000000ced00000, 0x00000000ced00000| Untracked 
| 238|0x00000000cee00000, 0x00000000cee00000, 0x00000000cef00000|  0%| F|  |TAMS 0x00000000cee00000, 0x00000000cee00000| Untracked 
| 239|0x00000000cef00000, 0x00000000cef00000, 0x00000000cf000000|  0%| F|  |TAMS 0x00000000cef00000, 0x00000000cef00000| Untracked 
| 240|0x00000000cf000000, 0x00000000cf000000, 0x00000000cf100000|  0%| F|  |TAMS 0x00000000cf000000, 0x00000000cf000000| Untracked 
| 241|0x00000000cf100000, 0x00000000cf100000, 0x00000000cf200000|  0%| F|  |TAMS 0x00000000cf100000, 0x00000000cf100000| Untracked 
| 242|0x00000000cf200000, 0x00000000cf200000, 0x00000000cf300000|  0%| F|  |TAMS 0x00000000cf200000, 0x00000000cf200000| Untracked 
| 243|0x00000000cf300000, 0x00000000cf300000, 0x00000000cf400000|  0%| F|  |TAMS 0x00000000cf300000, 0x00000000cf300000| Untracked 
| 244|0x00000000cf400000, 0x00000000cf400000, 0x00000000cf500000|  0%| F|  |TAMS 0x00000000cf400000, 0x00000000cf400000| Untracked 
| 245|0x00000000cf500000, 0x00000000cf500000, 0x00000000cf600000|  0%| F|  |TAMS 0x00000000cf500000, 0x00000000cf500000| Untracked 
| 246|0x00000000cf600000, 0x00000000cf600000, 0x00000000cf700000|  0%| F|  |TAMS 0x00000000cf600000, 0x00000000cf600000| Untracked 
| 247|0x00000000cf700000, 0x00000000cf700000, 0x00000000cf800000|  0%| F|  |TAMS 0x00000000cf700000, 0x00000000cf700000| Untracked 
| 248|0x00000000cf800000, 0x00000000cf800000, 0x00000000cf900000|  0%| F|  |TAMS 0x00000000cf800000, 0x00000000cf800000| Untracked 
| 249|0x00000000cf900000, 0x00000000cf900000, 0x00000000cfa00000|  0%| F|  |TAMS 0x00000000cf900000, 0x00000000cf900000| Untracked 
| 250|0x00000000cfa00000, 0x00000000cfa00000, 0x00000000cfb00000|  0%| F|  |TAMS 0x00000000cfa00000, 0x00000000cfa00000| Untracked 
| 251|0x00000000cfb00000, 0x00000000cfb00000, 0x00000000cfc00000|  0%| F|  |TAMS 0x00000000cfb00000, 0x00000000cfb00000| Untracked 
| 252|0x00000000cfc00000, 0x00000000cfc00000, 0x00000000cfd00000|  0%| F|  |TAMS 0x00000000cfc00000, 0x00000000cfc00000| Untracked 
| 253|0x00000000cfd00000, 0x00000000cfd00000, 0x00000000cfe00000|  0%| F|  |TAMS 0x00000000cfd00000, 0x00000000cfd00000| Untracked 
| 254|0x00000000cfe00000, 0x00000000cfe00000, 0x00000000cff00000|  0%| F|  |TAMS 0x00000000cfe00000, 0x00000000cfe00000| Untracked 
| 255|0x00000000cff00000, 0x00000000cff00000, 0x00000000d0000000|  0%| F|  |TAMS 0x00000000cff00000, 0x00000000cff00000| Untracked 
| 256|0x00000000d0000000, 0x00000000d0000000, 0x00000000d0100000|  0%| F|  |TAMS 0x00000000d0000000, 0x00000000d0000000| Untracked 
| 257|0x00000000d0100000, 0x00000000d0100000, 0x00000000d0200000|  0%| F|  |TAMS 0x00000000d0100000, 0x00000000d0100000| Untracked 
| 258|0x00000000d0200000, 0x00000000d0200000, 0x00000000d0300000|  0%| F|  |TAMS 0x00000000d0200000, 0x00000000d0200000| Untracked 
| 259|0x00000000d0300000, 0x00000000d0300000, 0x00000000d0400000|  0%| F|  |TAMS 0x00000000d0300000, 0x00000000d0300000| Untracked 
| 260|0x00000000d0400000, 0x00000000d0400000, 0x00000000d0500000|  0%| F|  |TAMS 0x00000000d0400000, 0x00000000d0400000| Untracked 
| 261|0x00000000d0500000, 0x00000000d0500000, 0x00000000d0600000|  0%| F|  |TAMS 0x00000000d0500000, 0x00000000d0500000| Untracked 
| 262|0x00000000d0600000, 0x00000000d0600000, 0x00000000d0700000|  0%| F|  |TAMS 0x00000000d0600000, 0x00000000d0600000| Untracked 
| 263|0x00000000d0700000, 0x00000000d078e1a0, 0x00000000d0800000| 55%| E|  |TAMS 0x00000000d0700000, 0x00000000d0700000| Complete 
| 264|0x00000000d0800000, 0x00000000d0900000, 0x00000000d0900000|100%| E|CS|TAMS 0x00000000d0800000, 0x00000000d0800000| Complete 
| 265|0x00000000d0900000, 0x00000000d0a00000, 0x00000000d0a00000|100%| E|CS|TAMS 0x00000000d0900000, 0x00000000d0900000| Complete 
| 266|0x00000000d0a00000, 0x00000000d0b00000, 0x00000000d0b00000|100%| E|CS|TAMS 0x00000000d0a00000, 0x00000000d0a00000| Complete 

Card table byte_map: [0x000001dea9300000,0x000001dea9500000] _byte_map_base: 0x000001dea8d00000

Marking Bits (Prev, Next): (CMBitMap*) 0x000001de92260790, (CMBitMap*) 0x000001de92260750
 Prev Bits: [0x000001deaa700000, 0x000001deab700000)
 Next Bits: [0x000001dea9700000, 0x000001deaa700000)

Polling page: 0x000001de947b0000

Metaspace:

Usage:
  Non-class:      3.97 MB used.
      Class:    572.02 KB used.
       Both:      4.52 MB used.

Virtual space:
  Non-class space:        8.00 MB reserved,       4.00 MB ( 50%) committed,  1 nodes.
      Class space:        1.00 GB reserved,     640.00 KB ( <1%) committed,  1 nodes.
             Both:        1.01 GB reserved,       4.62 MB ( <1%) committed. 

Chunk freelists:
   Non-Class:  1.88 MB
       Class:  3.34 MB
        Both:  5.22 MB

MaxMetaspaceSize: unlimited
CompressedClassSpaceSize: 1.00 GB
Initial GC threshold: 21.00 MB
Current GC threshold: 21.00 MB
CDS: on
MetaspaceReclaimPolicy: balanced
 - commit_granule_bytes: 65536.
 - commit_granule_words: 8192.
 - virtual_space_node_default_size: 1048576.
 - enlarge_chunks_in_place: 1.
 - new_chunks_are_fully_committed: 0.
 - uncommit_free_chunks: 1.
 - use_allocation_guard: 0.
 - handle_deallocations: 1.


Internal statistics:

num_allocs_failed_limit: 0.
num_arena_births: 22.
num_arena_deaths: 0.
num_vsnodes_births: 2.
num_vsnodes_deaths: 0.
num_space_committed: 74.
num_space_uncommitted: 0.
num_chunks_returned_to_freelist: 0.
num_chunks_taken_from_freelist: 124.
num_chunk_merges: 0.
num_chunk_splits: 95.
num_chunks_enlarged: 84.
num_purges: 0.
num_inconsistent_stats: 0.

CodeHeap 'non-profiled nmethods': size=119168Kb used=408Kb max_used=408Kb free=118759Kb
 bounds [0x000001df07ba0000, 0x000001df07e10000, 0x000001df0f000000]
CodeHeap 'profiled nmethods': size=119104Kb used=2067Kb max_used=2067Kb free=117036Kb
 bounds [0x000001df00000000, 0x000001df00270000, 0x000001df07450000]
CodeHeap 'non-nmethods': size=7488Kb used=2818Kb max_used=2856Kb free=4669Kb
 bounds [0x000001df07450000, 0x000001df07720000, 0x000001df07ba0000]
 total_blobs=1533 nmethods=1122 adapters=320
 compilation: enabled
              stopped_count=0, restarted_count=0
 full_count=0

Compilation events (20 events):
Event: 0.120 Thread 0x000001de8fe8bec0  634       3       java.lang.StringBuilder::<init> (6 bytes)
Event: 0.120 Thread 0x000001de8fe8bec0 nmethod 634 0x000001df0010b790 code [0x000001df0010b920, 0x000001df0010ba68]
Event: 0.120 Thread 0x000001de8fe905a0 nmethod 630 0x000001df0010bb10 code [0x000001df0010be80, 0x000001df0010d748]
Event: 0.126 Thread 0x000001de8fe8f160 nmethod 581 0x000001df07bc0410 code [0x000001df07bc0620, 0x000001df07bc1988]
Event: 0.126 Thread 0x000001de8fe8f160  597       4       java.lang.PublicMethods$MethodList::filter (104 bytes)
Event: 0.130 Thread 0x000001de8fe8f160 nmethod 597 0x000001df07bc2010 code [0x000001df07bc21c0, 0x000001df07bc29f8]
Event: 0.130 Thread 0x000001de8fe8f160  594       4       java.util.HashMap::put (13 bytes)
Event: 0.131 Thread 0x000001de8fe8f160 nmethod 594 0x000001df07bc2f10 code [0x000001df07bc30a0, 0x000001df07bc31c8]
Event: 0.131 Thread 0x000001de8fe8f160  588       4       java.util.HashMap::afterNodeInsertion (1 bytes)
Event: 0.131 Thread 0x000001de8fe8f160 nmethod 588 0x000001df07bc3310 code [0x000001df07bc3480, 0x000001df07bc34f8]
Event: 0.197 Thread 0x000001de8fe8af90  635       3       java.lang.Class::copyMethods (36 bytes)
Event: 0.197 Thread 0x000001de8fe8af90 nmethod 635 0x000001df0010e090 code [0x000001df0010e2e0, 0x000001df0010ed88]
Event: 0.197 Thread 0x000001de8fe905a0  636       1       java.util.HashMap::size (5 bytes)
Event: 0.197 Thread 0x000001de8fe905a0 nmethod 636 0x000001df07bc3610 code [0x000001df07bc37a0, 0x000001df07bc3878]
Event: 0.198 Thread 0x000001de8fe8f160  637       4       java.lang.AbstractStringBuilder::append (45 bytes)
Event: 0.198 Thread 0x000001de8fe905a0  639   !   3       java.util.zip.ZipFile$Source::getEntryPos (173 bytes)
Event: 0.198 Thread 0x000001de8fe92400  640   !   3       jdk.internal.loader.URLClassPath$JarLoader::ensureOpen (36 bytes)
Event: 0.198 Thread 0x000001de8fe8af90  642       3       java.util.zip.ZipCoder::hash (36 bytes)
Event: 0.198 Thread 0x000001de8fe8bec0  641   !   3       java.util.zip.ZipFile::getEntry (59 bytes)
Event: 0.199 Thread 0x000001de8fe92400 nmethod 640 0x000001df0010f210 code [0x000001df0010f3e0, 0x000001df0010f818]

GC Heap History (2 events):
Event: 0.116 GC heap before
{Heap before GC invocations=0 (full 0):
 garbage-first heap   total 522240K, used 6144K [0x00000000c0000000, 0x0000000100000000)
  region size 1024K, 7 young (7168K), 0 survivors (0K)
 Metaspace       used 1574K, committed 1728K, reserved 1056768K
  class space    used 133K, committed 192K, reserved 1048576K
}
Event: 0.119 GC heap after
{Heap after GC invocations=1 (full 1):
 garbage-first heap   total 24576K, used 1929K [0x00000000c0000000, 0x0000000100000000)
  region size 1024K, 0 young (0K), 0 survivors (0K)
 Metaspace       used 1574K, committed 1728K, reserved 1056768K
  class space    used 133K, committed 192K, reserved 1048576K
}

Deoptimization events (20 events):
Event: 0.083 Thread 0x000001de8fff4bb0 DEOPT PACKING pc=0x000001df00005fd1 sp=0x000000525e1e9360
Event: 0.083 Thread 0x000001de8fff4bb0 DEOPT UNPACKING pc=0x000001df074a2b43 sp=0x000000525e1e87d8 mode 0
Event: 0.084 Thread 0x000001de8fff4bb0 DEOPT PACKING pc=0x000001df00005fd1 sp=0x000000525e1e94a0
Event: 0.084 Thread 0x000001de8fff4bb0 DEOPT UNPACKING pc=0x000001df074a2b43 sp=0x000000525e1e8918 mode 0
Event: 0.112 Thread 0x000001de8fff4bb0 Uncommon trap: trap_request=0xffffffbe fr.pc=0x000001df07bbf978 relative=0x0000000000000738
Event: 0.112 Thread 0x000001de8fff4bb0 Uncommon trap: reason=profile_predicate action=maybe_recompile pc=0x000001df07bbf978 method=java.lang.PublicMethods$MethodList.filter([Ljava/lang/reflect/Method;Ljava/lang/String;[Ljava/lang/Class;Z)Ljava/lang/PublicMethods$MethodList; @ 21 c2
Event: 0.112 Thread 0x000001de8fff4bb0 DEOPT PACKING pc=0x000001df07bbf978 sp=0x000000525e1e6d20
Event: 0.112 Thread 0x000001de8fff4bb0 DEOPT UNPACKING pc=0x000001df074a23a3 sp=0x000000525e1e6cd8 mode 2
Event: 0.112 Thread 0x000001de8fff4bb0 Uncommon trap: trap_request=0xffffffbe fr.pc=0x000001df07bbf978 relative=0x0000000000000738
Event: 0.112 Thread 0x000001de8fff4bb0 Uncommon trap: reason=profile_predicate action=maybe_recompile pc=0x000001df07bbf978 method=java.lang.PublicMethods$MethodList.filter([Ljava/lang/reflect/Method;Ljava/lang/String;[Ljava/lang/Class;Z)Ljava/lang/PublicMethods$MethodList; @ 21 c2
Event: 0.112 Thread 0x000001de8fff4bb0 DEOPT PACKING pc=0x000001df07bbf978 sp=0x000000525e1e6d20
Event: 0.112 Thread 0x000001de8fff4bb0 DEOPT UNPACKING pc=0x000001df074a23a3 sp=0x000000525e1e6cd8 mode 2
Event: 0.112 Thread 0x000001de8fff4bb0 Uncommon trap: trap_request=0xffffffbe fr.pc=0x000001df07bbf978 relative=0x0000000000000738
Event: 0.112 Thread 0x000001de8fff4bb0 Uncommon trap: reason=profile_predicate action=maybe_recompile pc=0x000001df07bbf978 method=java.lang.PublicMethods$MethodList.filter([Ljava/lang/reflect/Method;Ljava/lang/String;[Ljava/lang/Class;Z)Ljava/lang/PublicMethods$MethodList; @ 21 c2
Event: 0.112 Thread 0x000001de8fff4bb0 DEOPT PACKING pc=0x000001df07bbf978 sp=0x000000525e1e6d20
Event: 0.112 Thread 0x000001de8fff4bb0 DEOPT UNPACKING pc=0x000001df074a23a3 sp=0x000000525e1e6cd8 mode 2
Event: 0.112 Thread 0x000001de8fff4bb0 Uncommon trap: trap_request=0xffffffbe fr.pc=0x000001df07bbf978 relative=0x0000000000000738
Event: 0.112 Thread 0x000001de8fff4bb0 Uncommon trap: reason=profile_predicate action=maybe_recompile pc=0x000001df07bbf978 method=java.lang.PublicMethods$MethodList.filter([Ljava/lang/reflect/Method;Ljava/lang/String;[Ljava/lang/Class;Z)Ljava/lang/PublicMethods$MethodList; @ 21 c2
Event: 0.112 Thread 0x000001de8fff4bb0 DEOPT PACKING pc=0x000001df07bbf978 sp=0x000000525e1e6d20
Event: 0.112 Thread 0x000001de8fff4bb0 DEOPT UNPACKING pc=0x000001df074a23a3 sp=0x000000525e1e6cd8 mode 2

Classes unloaded (0 events):
No events

Classes redefined (0 events):
No events

Internal exceptions (5 events):
Event: 0.053 Thread 0x000001de8fff4bb0 Exception <a 'java/lang/NoClassDefFoundError'{0x00000000dfb8dc98}: org/jpype/classloader/DynamicClassLoader> (0x00000000dfb8dc98) 
thrown [s\open\src\hotspot\share\classfile\systemDictionary.cpp, line 245]
Event: 0.079 Thread 0x000001de8fff4bb0 Exception <a 'sun/nio/fs/WindowsException'{0x00000000dfaac6d0}> (0x00000000dfaac6d0) 
thrown [s\open\src\hotspot\share\prims\jni.cpp, line 516]
Event: 0.080 Thread 0x000001de8fff4bb0 Exception <a 'sun/nio/fs/WindowsException'{0x00000000dfaacfc8}> (0x00000000dfaacfc8) 
thrown [s\open\src\hotspot\share\prims\jni.cpp, line 516]
Event: 0.090 Thread 0x000001de8fff4bb0 Exception <a 'java/lang/NoSuchMethodError'{0x00000000df9317d8}: 'java.lang.Object java.lang.invoke.DirectMethodHandle$Holder.invokeInterface(java.lang.Object, java.lang.Object)'> (0x00000000df9317d8) 
thrown [s\open\src\hotspot\share\interpreter\linkResolver.cpp, line 759]
Event: 0.090 Thread 0x000001de8fff4bb0 Exception <a 'java/lang/IncompatibleClassChangeError'{0x00000000df934e98}: Found class java.lang.Object, but interface was expected> (0x00000000df934e98) 
thrown [s\open\src\hotspot\share\interpreter\linkResolver.cpp, line 826]

VM Operations (4 events):
Event: 0.055 Executing VM operation: HandshakeAllThreads
Event: 0.055 Executing VM operation: HandshakeAllThreads done
Event: 0.115 Executing VM operation: G1CollectFull
Event: 0.119 Executing VM operation: G1CollectFull done

Events (20 events):
Event: 0.107 loading class java/lang/Byte$ByteCache done
Event: 0.109 Thread 0x000001de8fe8af90 Thread added: 0x000001de8fe8af90
Event: 0.112 loading class java/lang/constant/ClassDesc
Event: 0.112 loading class java/lang/constant/ClassDesc done
Event: 0.112 loading class java/lang/Enum$EnumDesc
Event: 0.112 loading class java/lang/constant/DynamicConstantDesc
Event: 0.112 loading class java/lang/constant/DynamicConstantDesc done
Event: 0.112 loading class java/lang/Enum$EnumDesc done
Event: 0.112 loading class java/io/ObjectStreamException
Event: 0.112 loading class java/io/ObjectStreamException done
Event: 0.113 loading class java/lang/constant/DirectMethodHandleDesc
Event: 0.113 loading class java/lang/constant/MethodHandleDesc
Event: 0.113 loading class java/lang/constant/MethodHandleDesc done
Event: 0.113 loading class java/lang/constant/DirectMethodHandleDesc done
Event: 0.113 loading class java/lang/constant/DynamicConstantDesc$AnonymousDynamicConstantDesc
Event: 0.113 loading class java/lang/constant/DynamicConstantDesc$AnonymousDynamicConstantDesc done
Event: 0.113 loading class java/lang/constant/DynamicConstantDesc$CanonicalMapHolder
Event: 0.113 loading class java/lang/constant/DynamicConstantDesc$CanonicalMapHolder done
Event: 0.114 loading class java/lang/Short$ShortCache
Event: 0.114 loading class java/lang/Short$ShortCache done


Dynamic libraries:
0x00007ff666790000 - 0x00007ff6667ac000 	C:\Users\user\AppData\Local\Programs\Python\Python38\python.exe
0x00007ffa07b70000 - 0x00007ffa07d68000 	C:\Windows\SYSTEM32\ntdll.dll
0x00007ffa07310000 - 0x00007ffa073cf000 	C:\Windows\System32\KERNEL32.DLL
0x00007ffa055b0000 - 0x00007ffa05882000 	C:\Windows\System32\KERNELBASE.dll
0x00007ffa054b0000 - 0x00007ffa055b0000 	C:\Windows\System32\ucrtbase.dll
0x00007ff989f10000 - 0x00007ff98a340000 	C:\Users\user\AppData\Local\Programs\Python\Python38\python38.dll
0x00007ffa07230000 - 0x00007ffa07285000 	C:\Windows\System32\SHLWAPI.dll
0x00007ffa060f0000 - 0x00007ffa0618e000 	C:\Windows\System32\msvcrt.dll
0x00007ffa07970000 - 0x00007ffa079db000 	C:\Windows\System32\WS2_32.dll
0x00007ffa05fc0000 - 0x00007ffa060e5000 	C:\Windows\System32\RPCRT4.dll
0x00007ffa073d0000 - 0x00007ffa0747e000 	C:\Windows\System32\ADVAPI32.dll
0x00007ffa07670000 - 0x00007ffa0770c000 	C:\Windows\System32\sechost.dll
0x00007ff9e39d0000 - 0x00007ff9e39e9000 	C:\Users\user\AppData\Local\Programs\Python\Python38\VCRUNTIME140.dll
0x00007ff9ff5e0000 - 0x00007ff9ff5ea000 	C:\Windows\SYSTEM32\VERSION.dll
0x00007ff9e92d0000 - 0x00007ff9e935e000 	C:\Program Files\ESET\ESET Security\ebehmoni.dll
0x00007ffa04c10000 - 0x00007ffa04c28000 	C:\Windows\SYSTEM32\CRYPTSP.dll
0x00007ffa042d0000 - 0x00007ffa04304000 	C:\Windows\system32\rsaenh.dll
0x00007ffa059f0000 - 0x00007ffa05a17000 	C:\Windows\System32\bcrypt.dll
0x00007ffa04c30000 - 0x00007ffa04c3c000 	C:\Windows\SYSTEM32\CRYPTBASE.dll
0x00007ffa05a70000 - 0x00007ffa05af2000 	C:\Windows\System32\bcryptPrimitives.dll
0x00007ffa00840000 - 0x00007ffa0084f000 	C:\Users\user\AppData\Local\Programs\Python\Python38\python3.dll
0x00007ff9f9280000 - 0x00007ff9f928f400 	c:\Users\user\Desktop\Basic_Study\.venv\lib\site-packages\zmq\backend\cython\_device.cp38-win_amd64.pyd
0x00007ff9f4500000 - 0x00007ff9f4585400 	c:\Users\user\Desktop\Basic_Study\.venv\lib\site-packages\pyzmq.libs\libzmq-v141-mt-4_3_4-0a6f51ca.dll
0x00007ff9f44b0000 - 0x00007ff9f44ff000 	c:\Users\user\Desktop\Basic_Study\.venv\lib\site-packages\pyzmq.libs\libsodium-ac42d648.dll
0x00007ffa046c0000 - 0x00007ffa046fb000 	C:\Windows\SYSTEM32\IPHLPAPI.DLL
0x00007ff9f4420000 - 0x00007ff9f44ae000 	c:\Users\user\Desktop\Basic_Study\.venv\lib\site-packages\pyzmq.libs\MSVCP140.dll
0x00007ffa07490000 - 0x00007ffa075ba000 	C:\Windows\System32\ole32.dll
0x00007ffa05bb0000 - 0x00007ffa05f05000 	C:\Windows\System32\combase.dll
0x00007ffa07810000 - 0x00007ffa0783b000 	C:\Windows\System32\GDI32.dll
0x00007ffa05480000 - 0x00007ffa054a2000 	C:\Windows\System32\win32u.dll
0x00007ffa05260000 - 0x00007ffa0536f000 	C:\Windows\System32\gdi32full.dll
0x00007ffa05370000 - 0x00007ffa0540d000 	C:\Windows\System32\msvcp_win.dll
0x00007ffa068d0000 - 0x00007ffa06a71000 	C:\Windows\System32\USER32.dll
0x00007ff9f9270000 - 0x00007ff9f927c000 	C:\Users\user\AppData\Local\Programs\Python\Python38\VCRUNTIME140_1.dll
0x00007ffa07710000 - 0x00007ffa07742000 	C:\Windows\System32\IMM32.DLL
0x00007ff9f9250000 - 0x00007ff9f9261400 	c:\Users\user\Desktop\Basic_Study\.venv\lib\site-packages\zmq\backend\cython\context.cp38-win_amd64.pyd
0x00007ff9f43f0000 - 0x00007ff9f4411400 	c:\Users\user\Desktop\Basic_Study\.venv\lib\site-packages\zmq\backend\cython\socket.cp38-win_amd64.pyd
0x00007ff9f43d0000 - 0x00007ff9f43e7400 	c:\Users\user\Desktop\Basic_Study\.venv\lib\site-packages\zmq\backend\cython\message.cp38-win_amd64.pyd
0x00007ff9f43b0000 - 0x00007ff9f43c2400 	c:\Users\user\Desktop\Basic_Study\.venv\lib\site-packages\zmq\backend\cython\_poll.cp38-win_amd64.pyd
0x00007ff9f43a0000 - 0x00007ff9f43ae400 	c:\Users\user\Desktop\Basic_Study\.venv\lib\site-packages\zmq\backend\cython\_proxy_steerable.cp38-win_amd64.pyd
0x00007ff9f4390000 - 0x00007ff9f439a400 	c:\Users\user\Desktop\Basic_Study\.venv\lib\site-packages\zmq\backend\cython\_version.cp38-win_amd64.pyd
0x00007ff9f4380000 - 0x00007ff9f438b400 	c:\Users\user\Desktop\Basic_Study\.venv\lib\site-packages\zmq\backend\cython\error.cp38-win_amd64.pyd
0x00007ff9f4370000 - 0x00007ff9f437e400 	c:\Users\user\Desktop\Basic_Study\.venv\lib\site-packages\zmq\backend\cython\utils.cp38-win_amd64.pyd
0x00007ff9e5ef0000 - 0x00007ff9e5f06000 	C:\Users\user\AppData\Local\Programs\Python\Python38\DLLs\_socket.pyd
0x00007ff9ffd00000 - 0x00007ff9ffd09000 	C:\Users\user\AppData\Local\Programs\Python\Python38\DLLs\select.pyd
0x00007ff9e4880000 - 0x00007ff9e48a7000 	C:\Users\user\AppData\Local\Programs\Python\Python38\DLLs\_ssl.pyd
0x00007ffa05890000 - 0x00007ffa059e6000 	C:\Windows\System32\CRYPT32.dll
0x00007ff99eeb0000 - 0x00007ff99f1fa000 	C:\Users\user\AppData\Local\Programs\Python\Python38\DLLs\libcrypto-1_1.dll
0x00007ff9d2840000 - 0x00007ff9d28ed000 	C:\Users\user\AppData\Local\Programs\Python\Python38\DLLs\libssl-1_1.dll
0x00007ff9e5e10000 - 0x00007ff9e5e22000 	C:\Users\user\AppData\Local\Programs\Python\Python38\DLLs\_asyncio.pyd
0x00007ff9f8f00000 - 0x00007ff9f8f0d000 	C:\Users\user\AppData\Local\Programs\Python\Python38\DLLs\_overlapped.pyd
0x00007ffa04a20000 - 0x00007ffa04a8a000 	C:\Windows\system32\mswsock.dll
0x00007ff9ea270000 - 0x00007ff9ea287000 	C:\Users\user\AppData\Local\Programs\Python\Python38\DLLs\_bz2.pyd
0x00007ff9e3ae0000 - 0x00007ff9e3b20000 	C:\Users\user\AppData\Local\Programs\Python\Python38\DLLs\_lzma.pyd
0x00007ff9fb950000 - 0x00007ff9fb959000 	C:\Users\user\AppData\Local\Programs\Python\Python38\DLLs\_queue.pyd
0x00007ff9f4360000 - 0x00007ff9f436d000 	C:\Users\user\AppData\Local\Programs\Python\Python38\DLLs\_hashlib.pyd
0x00007ff9f4350000 - 0x00007ff9f4357000 	c:\Users\user\Desktop\Basic_Study\.venv\lib\site-packages\tornado\speedups.pyd
0x00007ff9f4320000 - 0x00007ff9f4341000 	C:\Users\user\AppData\Local\Programs\Python\Python38\DLLs\_ctypes.pyd
0x00007ffa078a0000 - 0x00007ffa0796d000 	C:\Windows\System32\OLEAUT32.dll
0x00007ff9f4310000 - 0x00007ff9f431b000 	C:\Users\user\AppData\Local\Programs\Python\Python38\DLLs\libffi-7.dll
0x00007ff9dcbf0000 - 0x00007ff9dcc33000 	C:\Users\user\AppData\Local\Programs\Python\Python38\DLLs\_decimal.pyd
0x00007ffa06ae0000 - 0x00007ffa07225000 	C:\Windows\System32\shell32.DLL
0x00007ff9f41e0000 - 0x00007ff9f41f7000 	C:\Users\user\AppData\Local\Programs\Python\Python38\DLLs\_sqlite3.pyd
0x00007ff9f4070000 - 0x00007ff9f41db000 	C:\Users\user\AppData\Local\Programs\Python\Python38\DLLs\sqlite3.dll
0x00007ff9f4200000 - 0x00007ff9f430e000 	C:\Users\user\AppData\Local\Programs\Python\Python38\DLLs\unicodedata.pyd
0x00007ff9f4050000 - 0x00007ff9f4068000 	c:\Users\user\Desktop\Basic_Study\.venv\lib\site-packages\psutil\_psutil_windows.pyd
0x00007ffa077e0000 - 0x00007ffa077e8000 	C:\Windows\System32\PSAPI.DLL
0x00007ffa04830000 - 0x00007ffa0487b000 	C:\Windows\SYSTEM32\POWRPROF.dll
0x00007ff9d5590000 - 0x00007ff9d55d9000 	C:\Windows\SYSTEM32\pdh.dll
0x00007ffa046a0000 - 0x00007ffa046b2000 	C:\Windows\SYSTEM32\UMPDC.dll
0x00007ffa00d00000 - 0x00007ffa00d14000 	C:\Windows\SYSTEM32\wtsapi32.dll
0x00007ff9f4020000 - 0x00007ff9f4050000 	C:\Users\user\AppData\Local\Programs\Python\Python38\DLLs\pyexpat.pyd
0x00007ff9f3ff0000 - 0x00007ff9f4016000 	c:\Users\user\Desktop\Basic_Study\.venv\lib\site-packages\win32\win32api.pyd
0x00007ff9f3fc0000 - 0x00007ff9f3fe7000 	c:\Users\user\Desktop\Basic_Study\.venv\lib\site-packages\pywin32_system32\pywintypes38.dll
0x00007ff9fb280000 - 0x00007ff9fb28c000 	C:\Windows\SYSTEM32\secur32.dll
0x00007ffa05120000 - 0x00007ffa05152000 	C:\Windows\SYSTEM32\SSPICLI.DLL
0x00007ff9f3fb0000 - 0x00007ff9f3fb8000 	c:\Users\user\Desktop\Basic_Study\.venv\lib\site-packages\win32\_win32sysloader.pyd
0x00007ff9f3ef0000 - 0x00007ff9f3fac000 	c:\Users\user\Desktop\Basic_Study\.venv\lib\site-packages\pywin32_system32\pythoncom38.dll
0x00007ffa03140000 - 0x00007ffa03152000 	C:\Windows\SYSTEM32\kernel.appcore.dll
0x00007ffa02bd0000 - 0x00007ffa02c6e000 	C:\Windows\system32\uxtheme.dll
0x00007ff9f5030000 - 0x00007ff9f521c000 	C:\Windows\SYSTEM32\urlmon.dll
0x00007ff9f5de0000 - 0x00007ff9f6091000 	C:\Windows\SYSTEM32\iertutil.dll
0x00007ffa05f10000 - 0x00007ffa05fbd000 	C:\Windows\System32\shcore.dll
0x00007ff9fac20000 - 0x00007ff9fac48000 	C:\Windows\SYSTEM32\srvcli.dll
0x00007ffa04700000 - 0x00007ffa0470c000 	C:\Windows\SYSTEM32\netutils.dll
0x00007ff9f3e90000 - 0x00007ff9f3ee5000 	c:\Users\user\Desktop\Basic_Study\.venv\lib\site-packages\debugpy\_vendored\pydevd\_pydevd_bundle\pydevd_cython.cp38-win_amd64.pyd
0x00007ffa07a40000 - 0x00007ffa07a48000 	C:\Windows\System32\NSI.dll
0x00007ff9fed60000 - 0x00007ff9fed77000 	C:\Windows\SYSTEM32\dhcpcsvc6.DLL
0x00007ff9ff5f0000 - 0x00007ff9ff60d000 	C:\Windows\SYSTEM32\dhcpcsvc.DLL
0x00007ffa04710000 - 0x00007ffa047db000 	C:\Windows\SYSTEM32\DNSAPI.dll
0x00007ff9f3e60000 - 0x00007ff9f3e8a000 	c:\Users\user\Desktop\Basic_Study\.venv\lib\site-packages\win32\win32security.pyd
0x00007ff9fac50000 - 0x00007ff9fac69000 	C:\Windows\SYSTEM32\NETAPI32.dll
0x000001deb9af0000 - 0x000001deb9af3000 	C:\Windows\SYSTEM32\security.dll
0x00007ff9f3e30000 - 0x00007ff9f3e5a000 	C:\Windows\SYSTEM32\ntdsapi.dll
0x00007ffa047e0000 - 0x00007ffa04823000 	C:\Windows\SYSTEM32\LOGONCLI.DLL
0x00007ff9f45e0000 - 0x00007ff9f460d000 	C:\Users\user\AppData\Local\Programs\Python\Python38\DLLs\_elementtree.pyd
0x00007ff9b95c0000 - 0x00007ff9bb46f000 	c:\Users\user\Desktop\Basic_Study\.venv\lib\site-packages\numpy\.libs\libopenblas64__v0.3.21-gcc_10_3_0.dll
0x00007ff9f3930000 - 0x00007ff9f3bfa000 	c:\Users\user\Desktop\Basic_Study\.venv\lib\site-packages\numpy\core\_multiarray_umath.cp38-win_amd64.pyd
0x00007ff9f45c0000 - 0x00007ff9f45d5000 	c:\Users\user\Desktop\Basic_Study\.venv\lib\site-packages\numpy\core\_multiarray_tests.cp38-win_amd64.pyd
0x00007ff9f45a0000 - 0x00007ff9f45be000 	c:\Users\user\Desktop\Basic_Study\.venv\lib\site-packages\numpy\linalg\_umath_linalg.cp38-win_amd64.pyd
0x00007ff9f3e10000 - 0x00007ff9f3e30000 	c:\Users\user\Desktop\Basic_Study\.venv\lib\site-packages\numpy\fft\_pocketfft_internal.cp38-win_amd64.pyd
0x00007ff9f3d80000 - 0x00007ff9f3e10000 	c:\Users\user\Desktop\Basic_Study\.venv\lib\site-packages\numpy\random\mtrand.cp38-win_amd64.pyd
0x00007ff9f3d50000 - 0x00007ff9f3d76000 	c:\Users\user\Desktop\Basic_Study\.venv\lib\site-packages\numpy\random\bit_generator.cp38-win_amd64.pyd
0x00007ff9f3d10000 - 0x00007ff9f3d41000 	c:\Users\user\Desktop\Basic_Study\.venv\lib\site-packages\numpy\random\_common.cp38-win_amd64.pyd
0x00007ff9f38f0000 - 0x00007ff9f3930000 	c:\Users\user\Desktop\Basic_Study\.venv\lib\site-packages\numpy\random\_bounded_integers.cp38-win_amd64.pyd
0x00007ff9f3cf0000 - 0x00007ff9f3d05000 	c:\Users\user\Desktop\Basic_Study\.venv\lib\site-packages\numpy\random\_mt19937.cp38-win_amd64.pyd
0x00007ff9f38d0000 - 0x00007ff9f38e4000 	c:\Users\user\Desktop\Basic_Study\.venv\lib\site-packages\numpy\random\_philox.cp38-win_amd64.pyd
0x00007ff9f38b0000 - 0x00007ff9f38c7000 	c:\Users\user\Desktop\Basic_Study\.venv\lib\site-packages\numpy\random\_pcg64.cp38-win_amd64.pyd
0x00007ff9f4590000 - 0x00007ff9f45a0000 	c:\Users\user\Desktop\Basic_Study\.venv\lib\site-packages\numpy\random\_sfc64.cp38-win_amd64.pyd
0x00007ff9f3600000 - 0x00007ff9f36a6000 	c:\Users\user\Desktop\Basic_Study\.venv\lib\site-packages\numpy\random\_generator.cp38-win_amd64.pyd
0x00007ff9f3890000 - 0x00007ff9f38a8000 	c:\Users\user\Desktop\Basic_Study\.venv\lib\site-packages\scipy\_lib\_ccallback_c.cp38-win_amd64.pyd
0x00007ff9f3ce0000 - 0x00007ff9f3ce9000 	c:\Users\user\Desktop\Basic_Study\.venv\lib\site-packages\numpy\linalg\lapack_lite.cp38-win_amd64.pyd
0x00007ff9b9430000 - 0x00007ff9b95b9000 	c:\Users\user\Desktop\Basic_Study\.venv\lib\site-packages\scipy\spatial\_ckdtree.cp38-win_amd64.pyd
0x00007ff9b9100000 - 0x00007ff9b9422000 	c:\Users\user\Desktop\Basic_Study\.venv\lib\site-packages\scipy\sparse\_sparsetools.cp38-win_amd64.pyd
0x00007ff9f34f0000 - 0x00007ff9f3579000 	c:\Users\user\Desktop\Basic_Study\.venv\lib\site-packages\scipy\sparse\_csparsetools.cp38-win_amd64.pyd
0x00007ff9e9790000 - 0x00007ff9e97d8400 	c:\Users\user\Desktop\Basic_Study\.venv\lib\site-packages\scipy\sparse\linalg\_isolve\_iterative.cp38-win_amd64.pyd
0x00007ff9b7290000 - 0x00007ff9b90f4000 	c:\Users\user\Desktop\Basic_Study\.venv\lib\site-packages\scipy.libs\libopenblas-802f9ed1179cb9c9b03d67ff79f48187.dll
0x00007ff9cabd0000 - 0x00007ff9cac72400 	c:\Users\user\Desktop\Basic_Study\.venv\lib\site-packages\scipy\linalg\_fblas.cp38-win_amd64.pyd
0x00007ff9b7070000 - 0x00007ff9b7283400 	c:\Users\user\Desktop\Basic_Study\.venv\lib\site-packages\scipy\linalg\_flapack.cp38-win_amd64.pyd
0x00007ff9e9720000 - 0x00007ff9e9789000 	c:\Users\user\Desktop\Basic_Study\.venv\lib\site-packages\scipy\linalg\_cythonized_array_utils.cp38-win_amd64.pyd
0x00007ff9ea2e0000 - 0x00007ff9ea2ff400 	c:\Users\user\Desktop\Basic_Study\.venv\lib\site-packages\scipy\linalg\_flinalg.cp38-win_amd64.pyd
0x00007ff9e4940000 - 0x00007ff9e497b000 	c:\Users\user\Desktop\Basic_Study\.venv\lib\site-packages\scipy\linalg\_solve_toeplitz.cp38-win_amd64.pyd
0x00007ff9e4900000 - 0x00007ff9e4935000 	c:\Users\user\Desktop\Basic_Study\.venv\lib\site-packages\scipy\linalg\_matfuncs_sqrtm_triu.cp38-win_amd64.pyd
0x00007ff9e3a40000 - 0x00007ff9e3aa0000 	c:\Users\user\Desktop\Basic_Study\.venv\lib\site-packages\scipy\linalg\_matfuncs_expm.cp38-win_amd64.pyd
0x00007ff9ccbf0000 - 0x00007ff9ccc73400 	c:\Users\user\Desktop\Basic_Study\.venv\lib\site-packages\scipy\linalg\cython_lapack.cp38-win_amd64.pyd
0x00007ff9e0e60000 - 0x00007ff9e0e9b400 	c:\Users\user\Desktop\Basic_Study\.venv\lib\site-packages\scipy\linalg\cython_blas.cp38-win_amd64.pyd
0x00007ff9db5f0000 - 0x00007ff9db645000 	c:\Users\user\Desktop\Basic_Study\.venv\lib\site-packages\scipy\linalg\_decomp_update.cp38-win_amd64.pyd
0x00007ff9d27e0000 - 0x00007ff9d283f400 	c:\Users\user\Desktop\Basic_Study\.venv\lib\site-packages\scipy\sparse\linalg\_dsolve\_superlu.cp38-win_amd64.pyd

dbghelp: loaded successfully - version: 4.0.5 - missing functions: none
symbol engine: initialized successfully - sym options: 0x614 - pdb path: .;C:\Users\user\AppData\Local\Programs\Python\Python38;C:\Windows\SYSTEM32;C:\Program Files\ESET\ESET Security;c:\Users\user\Desktop\Basic_Study\.venv\lib\site-packages\zmq\backend\cython;c:\Users\user\Desktop\Basic_Study\.venv\lib\site-packages\pyzmq.libs;C:\Users\user\AppData\Local\Programs\Python\Python38\DLLs;c:\Users\user\Desktop\Basic_Study\.venv\lib\site-packages\tornado;c:\Users\user\Desktop\Basic_Study\.venv\lib\site-packages\psutil;c:\Users\user\Desktop\Basic_Study\.venv\lib\site-packages\win32;c:\Users\user\Desktop\Basic_Study\.venv\lib\site-packages\pywin32_system32;c:\Users\user\Desktop\Basic_Study\.venv\lib\site-packages\debugpy\_vendored\pydevd\_pydevd_bundle;c:\Users\user\Desktop\Basic_Study\.venv\lib\site-packages\numpy\.libs;c:\Users\user\Desktop\Basic_Study\.venv\lib\site-packages\numpy\core;c:\Users\user\Desktop\Basic_Study\.venv\lib\site-packages\numpy\linalg;c:\Users\user\Desktop\Basic_Study\.venv\lib\site-packages\numpy\fft;c:\Users\user\Desktop\Basic_Study\.venv\lib\site-packages\numpy\random;c:\Users\user\Desktop\Basic_Study\.venv\lib\site-packages\scipy\_lib;c:\Users\user\Desktop\Basic_Study\.venv\lib\site-packages\scipy\spatial;c:\Users\user\Desktop\Basic_Study\.venv\lib\site-packages\scipy\sparse;c:\Users\user\Desktop\Basic_Study\.venv\lib\site-packages\scipy\sparse\linalg\_isolve;c:\Users\user\Desktop\Basic_Study\.venv\lib\site-packages\scipy.libs;c:\Users\user\Desktop\Basic_Study\.venv\lib\site-packages\scipy\linalg;c:\Users\user\Desktop\Basic_Study\.venv\lib\site-packages\scipy\sparse\linalg\_dsolve;c:\Users\user\Desktop\Basic_Study\.venv\lib\site-packages\scipy\sparse\linalg\_eigen\arpack;c:\Users\user\Desktop\Basic_Study\.venv\lib\site-packages\scipy\sparse\csgraph;c:\Users\user\Desktop\Basic_Study\.venv\lib\site-packages\scipy\special;c:\Users\user\Desktop\Basic_Study\.venv\lib\site-packages\scipy\spatial\transform;c:\Users\user\Desktop\Basic_Study\.venv\lib\site-packages\scipy\ndimage;c:\Users\user\Desktop\Basic_Study\.venv\lib\site-packages\scipy\optimize;c:\Users\user\Desktop\Basic_Study\.venv\lib\site-packages\scipy\optimize\_trlib;c:\Users\user\Desktop\Basic_Study\.venv\lib\site-packages\scipy\optimize\_lsq;c:\Users\user\Desktop\Basic_Study\.venv\lib\site-packages\scipy\optimize\_highs;c:\Users\user\Desktop\Basic_Study\.venv\lib\site-packages\scipy\integrate;c:\Users\user\Desktop\Basic_Study\.venv\lib\site-packages\scipy\stats;c:\Users\user\Desktop\Basic_Study\.venv\lib\site-packages\scipy\stats\_boost;c:\Users\user\Desktop\Basic_Study\.venv\lib\site-packages\scipy\interpolate;c:\Users\user\Desktop\Basic_Study\.venv\lib\site-packages\scipy\stats\_levy_stable;c:\Users\user\Desktop\Basic_Study\.venv\lib\site-packages\scipy\_lib\_uarray;c:\Users\user\Desktop\Basic_Study\.venv\lib\site-packages\scipy\fft\_pocketfft;c:\Users\user\Desktop\Basic_Study\.venv\lib\site-packages\scipy\stats\_rcont;C:\Windows\WinSxS\amd64_microsoft.windows.common-controls_6595b64144ccf1df_6.0.19041.1110_none_60b5254171f9507e;c:\Users\user\Desktop\Basic_Study\.venv\lib\site-packages\regex;c:\Users\user\Desktop\Basic_Study\.venv\lib\site-packages\sklearn\.libs;c:\Users\user\Desktop\Basic_Study\.venv\lib\site-packages\sklearn\__check_build;c:\Users\user\Desktop\Basic_Study\.venv\lib\site-packages\sklearn\utils;c:\Users\user\Desktop\Basic_Study\.venv\lib\site-packages\sklearn\feature_extraction;c:\Users\user\Desktop\Basic_Study\.venv\lib\site-packages\sklearn\preprocessing;c:\Users\user\Desktop\Basic_Study\.venv\lib\site-packages\sklearn\svm;c:\Users\user\Desktop\Basic_Study\.venv\lib\site-packages\sklearn\metrics;c:\Users\user\Desktop\Basic_Study\.venv\lib\site-packages\sklearn\metrics\cluster;c:\Users\user\Desktop\Basic_Study\.venv\lib\site-packages\sklearn\metrics\_pairwise_distances_reduction;c:\Users\user\Desktop\Basic_Study\.venv\lib\site-packages\sklearn\linear_model;c:\Users\user\Desktop\Basic_Study\.venv\lib\site-packages\sklearn\_loss;c:\Users\user\Desktop\Basic_Study\.venv\lib\site-packages\sklearn\datasets;c:\Users\user\Desktop\Basic_Study\.venv\lib\site-packages\scipy\io\matlab;c:\Users\user\Desktop\Basic_Study\.venv\lib\site-packages\tensorflow\python;c:\Users\user\Desktop\Basic_Study\.venv\lib\site-packages\google\protobuf\internal;c:\Users\user\Desktop\Basic_Study\.venv\lib\site-packages\google\protobuf\pyext;c:\Users\user\Desktop\Basic_Study\.venv\lib\site-packages\tensorflow\python\platform;c:\Users\user\Desktop\Basic_Study\.venv\lib\site-packages\tensorflow\python\client;c:\Users\user\Desktop\Basic_Study\.venv\lib\site-packages\tensorflow\python\util;c:\Users\user\Desktop\Basic_Study\.venv\lib\site-packages\wrapt;c:\Users\user\Desktop\Basic_Study\.venv\lib\site-packages\tensorflow\python\framework;c:\Users\user\Desktop\Basic_Study\.venv\lib\site-packages\tensorflow\python\lib\core;c:\Users\user\Desktop\Basic_Study\.venv\lib\site-packages\tensorflow\python\profiler\internal;c:\Users\user\Desktop\Basic_Study\.venv\lib\site-packages\tensorflow\python\lib\io;c:\Users\user\Desktop\Basic_Study\.venv\lib\site-packages\tensorflow\python\data\experimental\service;c:\Users\user\Desktop\Basic_Study\.venv\lib\site-packages\tensorflow\python\saved_model;c:\Users\user\Desktop\Basic_Study\.venv\lib\site-packages\tensorflow\compiler\tf2tensorrt;c:\Users\user\Desktop\Basic_Study\.venv\lib\site-packages\tensorflow\python\grappler;c:\Users\user\Desktop\Basic_Study\.venv\lib\site-packages\charset_normalizer;c:\Users\user\Desktop\Basic_Study\.venv\lib\site-packages\h5py;c:\Users\user\Desktop\Basic_Study\.venv\lib\site-packages\tensorflow\lite\python\metrics;c:\Users\user\Desktop\Basic_Study\.venv\lib\site-packages\tensorflow\lite\experimental\microfrontend\python\ops;c:\Users\user\Desktop\Basic_Study\.venv\lib\site-packages\tensorflow\lite\python\interpreter_wrapper;c:\Users\user\Desktop\Basic_Study\.venv\lib\site-packages\tensorflow\lite\python\analyzer_wrapper;c:\Users\user\Desktop\Basic_Study\.venv\lib\site-packages\pandas\_libs;c:\Users\user\Desktop\Basic_Study\.venv\lib\site-packages\pandas\_libs\tslibs;c:\Users\user\Desktop\Basic_Study\.venv\lib\site-packages\pandas\_libs\window;C:\Users\user\AppData\Local\Programs\Python\Python38\tcl\reg1.3;C:\Windows\System32\IME\IMEKR;C:\Windows\System32\IME\shared;c:\Users\user\Desktop\Basic_Study\.venv\lib\site-packages;c:\Users\user\Desktop\Basic_Study\.venv\lib\site-packages\pyarrow;C:\Program Files\Java\jdk-17\bin\server;C:\Program Files\Java\jdk-17\bin

VM Arguments:
jvm_args: -Dfile.encoding=UTF8 -ea -Xmx1024m 
java_command: <unknown>
java_class_path (initial): C:\Users\user\Desktop\Basic_Study\.venv\Lib\site-packages\konlpy\java;C:\Users\user\Desktop\Basic_Study\.venv\Lib\site-packages\konlpy\java\bin;C:\Users\user\Desktop\Basic_Study\.venv\Lib\site-packages\konlpy\java\aho-corasick.jar;C:\Users\user\Desktop\Basic_Study\.venv\Lib\site-packages\konlpy\java\jhannanum-0.8.4.jar;C:\Users\user\Desktop\Basic_Study\.venv\Lib\site-packages\konlpy\java\kkma-2.0.jar;C:\Users\user\Desktop\Basic_Study\.venv\Lib\site-packages\konlpy\java\komoran-3.0.jar;C:\Users\user\Desktop\Basic_Study\.venv\Lib\site-packages\konlpy\java\open-korean-text-2.1.0.jar;C:\Users\user\Desktop\Basic_Study\.venv\Lib\site-packages\konlpy\java\scala-library-2.12.3.jar;C:\Users\user\Desktop\Basic_Study\.venv\Lib\site-packages\konlpy\java\shineware-common-1.0.jar;C:\Users\user\Desktop\Basic_Study\.venv\Lib\site-packages\konlpy\java\shineware-ds-1.0.jar;C:\Users\user\Desktop\Basic_Study\.venv\Lib\site-packages\konlpy\java\snakeyaml-1.12.jar;C:\Users\user\Desktop\Basic_Study\.venv\Lib\site-packages\konlpy\java\twitter-text-1.14.7.jar;C:\Users\user\Desktop\Basic_Study\.venv\Lib\site-packages\konlpy\java\jhannanum-0.8.4.jar;C:\Users\user\Desktop\Basic_Study\.venv\Lib\site-packages\konlpy\java\kkma-2.0.jar;C:\Users\user\Desktop\Basic_Study\.venv\Lib\site-packages\konlpy\java\aho-corasick.jar;C:\Users\user\Desktop\Basic_Study\.venv\Lib\site-packages\konlpy\java\shineware-common-1.0.jar;C:\Users\user\Desktop\Basic_Study\.venv\Lib\site-packages\konlpy\java\shineware-ds-1.0.jar;C:\Users\user\Desktop\Basic_Study\.venv\Lib\site-packages\konlpy\java\komoran-3.0.jar;C:\Users\user\Desktop\Basic_Study\.venv\Lib\site-packages\konlpy\java\snakeyaml-1.12.jar;C:\Users\user\Desktop\Basic_Study\.venv\Lib\site-packages\konlpy\java\scala-library-2.12.3.jar;C:\Users\user\Desktop\Basic_Study\.venv\Lib\site-packages\konlpy\java\open-korean-text-2.1.0.jar;C:\Users\user\Desktop\Basic_Study\.venv\Lib\site-packages\konlpy\java\twitter-text-1.14.7.jar;C:\Users\user
Launcher Type: generic

[Global flags]
     intx CICompilerCount                          = 12                                        {product} {ergonomic}
     uint ConcGCThreads                            = 4                                         {product} {ergonomic}
     uint G1ConcRefinementThreads                  = 15                                        {product} {ergonomic}
   size_t G1HeapRegionSize                         = 1048576                                   {product} {ergonomic}
    uintx GCDrainStackTargetSize                   = 64                                        {product} {ergonomic}
   size_t InitialHeapSize                          = 534773760                                 {product} {ergonomic}
   size_t MarkStackSize                            = 4194304                                   {product} {ergonomic}
   size_t MaxHeapSize                              = 1073741824                                {product} {command line}
   size_t MaxNewSize                               = 643825664                                 {product} {ergonomic}
   size_t MinHeapDeltaBytes                        = 1048576                                   {product} {ergonomic}
   size_t MinHeapSize                              = 8388608                                   {product} {ergonomic}
    uintx NonNMethodCodeHeapSize                   = 7602480                                {pd product} {ergonomic}
    uintx NonProfiledCodeHeapSize                  = 122027880                              {pd product} {ergonomic}
    uintx ProfiledCodeHeapSize                     = 122027880                              {pd product} {ergonomic}
    uintx ReservedCodeCacheSize                    = 251658240                              {pd product} {ergonomic}
     bool SegmentedCodeCache                       = true                                      {product} {ergonomic}
   size_t SoftMaxHeapSize                          = 1073741824                             {manageable} {ergonomic}
     bool UseCompressedClassPointers               = true                           {product lp64_product} {ergonomic}
     bool UseCompressedOops                        = true                           {product lp64_product} {ergonomic}
     bool UseG1GC                                  = true                                      {product} {ergonomic}
     bool UseLargePagesIndividualAllocation        = false                                  {pd product} {ergonomic}

Logging:
Log output configuration:
 #0: stdout all=warning uptime,level,tags
 #1: stderr all=off uptime,level,tags

Environment Variables:
JAVA_HOME=C:\Program Files\Java\jdk-17\bin\server
PATH=c:\Users\user\Desktop\Basic_Study\.venv\Scripts;C:\Windows\system32;C:\Windows;C:\Windows\System32\Wbem;C:\Windows\System32\WindowsPowerShell\v1.0\;C:\Windows\System32\OpenSSH\;C:\Program Files (x86)\NVIDIA Corporation\PhysX\Common;C:\Program Files\NVIDIA Corporation\NVIDIA NvDLISR;C:\Users\user\AppData\Local\Programs\Python\Python38\Scripts\;C:\Users\user\AppData\Local\Programs\Python\Python38\;C:\Users\user\AppData\Local\Programs\Python\Python39\Scripts\;C:\Users\user\AppData\Local\Programs\Python\Python39\;C:\Users\user\AppData\Local\Programs\Python\Python311\Scripts\;C:\Users\user\AppData\Local\Programs\Python\Python311\;C:\Users\user\AppData\Local\Microsoft\WindowsApps;C:\Program Files\JetBrains\PyCharm Community Edition 2022.3.2\bin;;C:\Users\user\AppData\Local\Programs\Microsoft VS Code\bin;C:\Users\user\AppData\Local\GitHubDesktop\bin
USERNAME=user
OS=Windows_NT
PROCESSOR_IDENTIFIER=Intel64 Family 6 Model 151 Stepping 2, GenuineIntel



---------------  S Y S T E M  ---------------

OS:
 Windows 10 , 64 bit Build 19041 (10.0.19041.2546)
OS uptime: 0 days 8:13 hours

CPU: total 20 (initial active 20) (10 cores per cpu, 2 threads per core) family 6 model 151 stepping 2 microcode 0x26, cx8, cmov, fxsr, ht, mmx, 3dnowpref, sse, sse2, sse3, ssse3, sse4.1, sse4.2, popcnt, lzcnt, tsc, tscinvbit, avx, avx2, aes, erms, clmul, bmi1, bmi2, adx, sha, fma, vzeroupper, clflush, clflushopt, clwb

Memory: 4k page, system-wide physical 32527M (22342M free)
TotalPageFile size 37647M (AvailPageFile size 22689M)
current process WorkingSet (physical memory assigned to process): 535M, peak: 540M
current process commit charge ("private bytes"): 2005M, peak: 2231M

vm_info: Java HotSpot(TM) 64-Bit Server VM (17.0.6+9-LTS-190) for windows-amd64 JRE (17.0.6+9-LTS-190), built on Dec  6 2022 15:53:54 by "mach5one" with MS VC++ 17.1 (VS2022)

END.
